Log file open, 01/11/21 21:40:52
LogInit: Display: Running engine for game: FPSGame
LogPlatformFile: Not using cached read wrapper
LogTaskGraph: Started task graph with 5 named threads and 26 total threads with 3 sets of task threads.
LogStats: Stats thread started at 0.322207
LogD3D11RHI: Loaded GFSDK_Aftermath_Lib.x64.dll
LogICUInternationalization: ICU TimeZone Detection - Raw Offset: -8:00, Platform Override: ''
LogPluginManager: Mounting plugin Paper2D
LogPluginManager: Mounting plugin AISupport
LogPluginManager: Mounting plugin LightPropagationVolume
LogPluginManager: Mounting plugin CameraShakePreviewer
LogPluginManager: Mounting plugin ActorLayerUtilities
LogPluginManager: Mounting plugin AnimationSharing
LogPluginManager: Mounting plugin CLionSourceCodeAccess
LogPluginManager: Mounting plugin CodeLiteSourceCodeAccess
LogPluginManager: Mounting plugin GitSourceControl
LogPluginManager: Mounting plugin KDevelopSourceCodeAccess
LogPluginManager: Mounting plugin NullSourceCodeAccess
LogPluginManager: Mounting plugin PerforceSourceControl
LogPluginManager: Mounting plugin PlasticSourceControl
LogPluginManager: Mounting plugin RiderSourceCodeAccess
LogPluginManager: Mounting plugin SubversionSourceControl
LogPluginManager: Mounting plugin UObjectPlugin
LogPluginManager: Mounting plugin VisualStudioCodeSourceCodeAccess
LogPluginManager: Mounting plugin VisualStudioSourceCodeAccess
LogPluginManager: Mounting plugin XCodeSourceCodeAccess
LogPluginManager: Mounting plugin AssetManagerEditor
LogPluginManager: Mounting plugin CryptoKeys
LogPluginManager: Mounting plugin CurveEditorTools
LogPluginManager: Mounting plugin DataValidation
LogPluginManager: Mounting plugin EditorScriptingUtilities
LogPluginManager: Mounting plugin FacialAnimation
LogPluginManager: Mounting plugin GameplayTagsEditor
LogPluginManager: Mounting plugin GeometryMode
LogPluginManager: Mounting plugin MacGraphicsSwitching
LogPluginManager: Mounting plugin MaterialAnalyzer
LogPluginManager: Mounting plugin MobileLauncherProfileWizard
LogPluginManager: Mounting plugin PluginBrowser
LogPluginManager: Mounting plugin SpeedTreeImporter
LogPluginManager: Mounting plugin DatasmithContent
LogPluginManager: Mounting plugin VariantManagerContent
LogPluginManager: Mounting plugin AlembicImporter
LogPluginManager: Mounting plugin AutomationUtils
LogPluginManager: Mounting plugin BackChannel
LogPluginManager: Mounting plugin ChaosCloth
LogPluginManager: Mounting plugin ChaosClothEditor
LogPluginManager: Mounting plugin ChaosEditor
LogPluginManager: Mounting plugin ChaosNiagara
LogPluginManager: Mounting plugin ChaosSolverPlugin
LogPluginManager: Mounting plugin CharacterAI
LogPluginManager: Mounting plugin GeometryCache
LogPluginManager: Mounting plugin GeometryCollectionPlugin
LogPluginManager: Mounting plugin GeometryProcessing
LogPluginManager: Mounting plugin PlanarCut
LogPluginManager: Mounting plugin PlatformCrypto
LogPluginManager: Mounting plugin ProxyLODPlugin
LogPluginManager: Mounting plugin SkeletalReduction
LogPluginManager: Mounting plugin Niagara
LogPluginManager: Mounting plugin MagicLeap
LogPluginManager: Mounting plugin MagicLeapLightEstimation
LogPluginManager: Mounting plugin MagicLeapMedia
LogPluginManager: Mounting plugin MagicLeapPassableWorld
LogPluginManager: Mounting plugin MLSDK
LogPluginManager: Mounting plugin AndroidMedia
LogPluginManager: Mounting plugin AvfMedia
LogPluginManager: Mounting plugin ImgMedia
LogPluginManager: Mounting plugin MediaCompositing
LogPluginManager: Mounting plugin MediaPlayerEditor
LogPluginManager: Mounting plugin WebMMedia
LogPluginManager: Mounting plugin WmfMedia
LogPluginManager: Mounting plugin MeshPainting
LogPluginManager: Mounting plugin TcpMessaging
LogPluginManager: Mounting plugin UdpMessaging
LogPluginManager: Mounting plugin ActorSequence
LogPluginManager: Mounting plugin LevelSequenceEditor
LogPluginManager: Mounting plugin MatineeToLevelSequence
LogPluginManager: Mounting plugin MovieRenderPipeline
LogPluginManager: Mounting plugin TemplateSequence
LogPluginManager: Mounting plugin NetcodeUnitTest
LogPluginManager: Mounting plugin NUTUnrealEngine4
LogPluginManager: Mounting plugin OnlineSubsystemGooglePlay
LogPluginManager: Mounting plugin OnlineSubsystemIOS
LogPluginManager: Mounting plugin OnlineSubsystem
LogPluginManager: Mounting plugin OnlineSubsystemNull
LogPluginManager: Mounting plugin OnlineSubsystemUtils
LogPluginManager: Mounting plugin LauncherChunkInstaller
LogPluginManager: Mounting plugin AndroidDeviceProfileSelector
LogPluginManager: Mounting plugin AndroidMoviePlayer
LogPluginManager: Mounting plugin AndroidPermission
LogPluginManager: Mounting plugin AppleImageUtils
LogPluginManager: Mounting plugin AppleMoviePlayer
LogPluginManager: Mounting plugin ArchVisCharacter
LogPluginManager: Mounting plugin AssetTags
LogPluginManager: Mounting plugin AudioCapture
LogPluginManager: Mounting plugin CableComponent
LogPluginManager: Mounting plugin CustomMeshComponent
LogPluginManager: Mounting plugin EditableMesh
LogPluginManager: Mounting plugin ExampleDeviceProfileSelector
LogPluginManager: Mounting plugin GoogleCloudMessaging
LogPluginManager: Mounting plugin GooglePAD
LogPluginManager: Mounting plugin IOSDeviceProfileSelector
LogPluginManager: Mounting plugin LinuxDeviceProfileSelector
LogPluginManager: Mounting plugin LocationServicesBPLibrary
LogPluginManager: Mounting plugin MobilePatchingUtils
LogPluginManager: Mounting plugin OculusVR
LogPluginManager: Mounting plugin PhysXVehicles
LogPluginManager: Mounting plugin PostSplashScreen
LogPluginManager: Mounting plugin ProceduralMeshComponent
LogPluginManager: Mounting plugin RuntimePhysXCooking
LogPluginManager: Mounting plugin SignificanceManager
LogPluginManager: Mounting plugin SoundFields
LogPluginManager: Mounting plugin SteamVR
LogPluginManager: Mounting plugin Synthesis
LogPluginManager: Mounting plugin WebMMoviePlayer
LogPluginManager: Mounting plugin WindowsMoviePlayer
LogPluginManager: Mounting plugin ScreenshotTools
LogInit: Using libcurl 7.55.1-DEV
LogInit:  - built for x86_64-pc-win32
LogInit:  - supports SSL with OpenSSL/1.1.1
LogInit:  - supports HTTP deflate (compression) using libz 1.2.8
LogInit:  - other features:
LogInit:      CURL_VERSION_SSL
LogInit:      CURL_VERSION_LIBZ
LogInit:      CURL_VERSION_IPV6
LogInit:      CURL_VERSION_ASYNCHDNS
LogInit:      CURL_VERSION_LARGEFILE
LogInit:      CURL_VERSION_IDN
LogInit:  CurlRequestOptions (configurable via config and command line):
LogInit:  - bVerifyPeer = true  - Libcurl will verify peer certificate
LogInit:  - bUseHttpProxy = false  - Libcurl will NOT use HTTP proxy
LogInit:  - bDontReuseConnections = false  - Libcurl will reuse connections
LogInit:  - MaxHostConnections = 16  - Libcurl will limit the number of connections to a host
LogInit:  - LocalHostAddr = Default
LogInit:  - BufferSize = 65536
LogOnline: OSS: Creating online subsystem instance for: NULL
LogInit: WinSock: version 1.1 (2.2), MaxSocks=32767, MaxUdp=65467
LogOnline: OSS: TryLoadSubsystemAndSetDefault: Loaded subsystem for module [NULL]
LogInit: Build: ++UE4+Release-4.25-CL-14469661
LogInit: Engine Version: 4.25.4-14469661+++UE4+Release-4.25
LogInit: Compatible Engine Version: 4.25.0-13144385+++UE4+Release-4.25
LogInit: Net CL: 13144385
LogInit: OS: Windows 10 (Release 2004) (), CPU: Intel(R) Core(TM) i7-9700K CPU @ 3.60GHz, GPU: NVIDIA GeForce RTX 2070 SUPER
LogInit: Compiled (64-bit): Oct 11 2020 08:10:49
LogInit: Compiled with Visual C++: 19.24.28315.00
LogInit: Build Configuration: Development
LogInit: Branch Name: ++UE4+Release-4.25
LogInit: Command Line:  -skipcompile
LogInit: Base Directory: E:/UE_4.25/Engine/Binaries/Win64/
LogInit: Allocator: TBB
LogInit: Installed Engine Build: 1
LogDevObjectVersion: Number of dev versions registered: 26
LogDevObjectVersion:   Dev-Blueprints (B0D832E4-1F89-4F0D-ACCF-7EB736FD4AA2): 10
LogDevObjectVersion:   Dev-Build (E1C64328-A22C-4D53-A36C-8E866417BD8C): 0
LogDevObjectVersion:   Dev-Core (375EC13C-06E4-48FB-B500-84F0262A717E): 4
LogDevObjectVersion:   Dev-Editor (E4B068ED-F494-42E9-A231-DA0B2E46BB41): 38
LogDevObjectVersion:   Dev-Framework (CFFC743F-43B0-4480-9391-14DF171D2073): 37
LogDevObjectVersion:   Dev-Mobile (B02B49B5-BB20-44E9-A304-32B752E40360): 2
LogDevObjectVersion:   Dev-Networking (A4E4105C-59A1-49B5-A7C5-40C4547EDFEE): 0
LogDevObjectVersion:   Dev-Online (39C831C9-5AE6-47DC-9A44-9C173E1C8E7C): 0
LogDevObjectVersion:   Dev-Physics (78F01B33-EBEA-4F98-B9B4-84EACCB95AA2): 4
LogDevObjectVersion:   Dev-Platform (6631380F-2D4D-43E0-8009-CF276956A95A): 0
LogDevObjectVersion:   Dev-Rendering (12F88B9F-8875-4AFC-A67C-D90C383ABD29): 43
LogDevObjectVersion:   Dev-Sequencer (7B5AE74C-D270-4C10-A958-57980B212A5A): 12
LogDevObjectVersion:   Dev-VR (D7296918-1DD6-4BDD-9DE2-64A83CC13884): 3
LogDevObjectVersion:   Dev-LoadTimes (C2A15278-BFE7-4AFE-6C17-90FF531DF755): 1
LogDevObjectVersion:   Private-Geometry (6EACA3D4-40EC-4CC1-B786-8BED09428FC5): 3
LogDevObjectVersion:   Dev-AnimPhys (29E575DD-E0A3-4627-9D10-D276232CDCEA): 17
LogDevObjectVersion:   Dev-Anim (AF43A65D-7FD3-4947-9873-3E8ED9C1BB05): 7
LogDevObjectVersion:   Dev-ReflectionCapture (6B266CEC-1EC7-4B8F-A30B-E4D90942FC07): 1
LogDevObjectVersion:   Dev-Automation (0DF73D61-A23F-47EA-B727-89E90C41499A): 1
LogDevObjectVersion:   FortniteMain (601D1886-AC64-4F84-AA16-D3DE0DEAC7D6): 31
LogDevObjectVersion:   Dev-Enterprise (9DFFBCD6-494F-0158-E221-12823C92A888): 10
LogDevObjectVersion:   Dev-Niagara (F2AED0AC-9AFE-416F-8664-AA7FFA26D6FC): 1
LogDevObjectVersion:   Dev-Destruction (174F1F0B-B4C6-45A5-B13F-2EE8D0FB917D): 10
LogDevObjectVersion:   Dev-Physics-Ext (35F94A83-E258-406C-A318-09F59610247C): 37
LogDevObjectVersion:   Dev-PhysicsMaterial-Chaos (B68FC16E-8B1B-42E2-B453-215C058844FE): 1
LogDevObjectVersion:   Dev-CineCamera (B2E18506-4273-CFC2-A54E-F4BB758BBA07): 1
LogInit: Presizing for max 25165824 objects, including 0 objects not considered by GC, pre-allocating 0 bytes for permanent pool.
LogConfig: Applying CVar settings from Section [/Script/Engine.StreamingSettings] File [E:/ue4/StealthGame_ProjectBase_4.25/StealthGame_ProjectBase_4.25/StealthGame/Saved/Config/Windows/Engine.ini]
LogConfig: Setting CVar [[s.MinBulkDataSizeForAsyncLoading:131072]]
LogConfig: Setting CVar [[s.AsyncLoadingThreadEnabled:0]]
LogConfig: Setting CVar [[s.EventDrivenLoaderEnabled:1]]
LogConfig: Setting CVar [[s.WarnIfTimeLimitExceeded:0]]
LogConfig: Setting CVar [[s.TimeLimitExceededMultiplier:1.5]]
LogConfig: Setting CVar [[s.TimeLimitExceededMinTime:0.005]]
LogConfig: Setting CVar [[s.UseBackgroundLevelStreaming:1]]
LogConfig: Setting CVar [[s.PriorityAsyncLoadingExtraTime:15.0]]
LogConfig: Setting CVar [[s.LevelStreamingActorsUpdateTimeLimit:5.0]]
LogConfig: Setting CVar [[s.PriorityLevelStreamingActorsUpdateExtraTime:5.0]]
LogConfig: Setting CVar [[s.LevelStreamingComponentsRegistrationGranularity:10]]
LogConfig: Setting CVar [[s.UnregisterComponentsTimeLimit:1.0]]
LogConfig: Setting CVar [[s.LevelStreamingComponentsUnregistrationGranularity:5]]
LogConfig: Setting CVar [[s.FlushStreamingOnExit:1]]
LogInit: Object subsystem initialized
LogConfig: Setting CVar [[con.DebugEarlyDefault:1]]
LogConfig: Setting CVar [[r.setres:1280x720]]
[2021.01.12-05.40.53:029][  0]LogConfig: Setting CVar [[r.VSync:0]]
[2021.01.12-05.40.53:030][  0]LogConfig: Setting CVar [[r.RHICmdBypass:0]]
[2021.01.12-05.40.53:030][  0]LogConfig: Applying CVar settings from Section [/Script/Engine.RendererSettings] File [E:/ue4/StealthGame_ProjectBase_4.25/StealthGame_ProjectBase_4.25/StealthGame/Saved/Config/Windows/Engine.ini]
[2021.01.12-05.40.53:030][  0]LogConfig: Setting CVar [[r.GPUCrashDebugging:0]]
[2021.01.12-05.40.53:030][  0]LogConfig: Applying CVar settings from Section [/Script/Engine.RendererOverrideSettings] File [E:/ue4/StealthGame_ProjectBase_4.25/StealthGame_ProjectBase_4.25/StealthGame/Saved/Config/Windows/Engine.ini]
[2021.01.12-05.40.53:030][  0]LogConfig: Applying CVar settings from Section [/Script/Engine.StreamingSettings] File [E:/ue4/StealthGame_ProjectBase_4.25/StealthGame_ProjectBase_4.25/StealthGame/Saved/Config/Windows/Engine.ini]
[2021.01.12-05.40.53:030][  0]LogConfig: Setting CVar [[s.MinBulkDataSizeForAsyncLoading:131072]]
[2021.01.12-05.40.53:030][  0]LogConfig: Setting CVar [[s.AsyncLoadingThreadEnabled:0]]
[2021.01.12-05.40.53:030][  0]LogConfig: Setting CVar [[s.EventDrivenLoaderEnabled:1]]
[2021.01.12-05.40.53:030][  0]LogConfig: Setting CVar [[s.WarnIfTimeLimitExceeded:0]]
[2021.01.12-05.40.53:030][  0]LogConfig: Setting CVar [[s.TimeLimitExceededMultiplier:1.5]]
[2021.01.12-05.40.53:030][  0]LogConfig: Setting CVar [[s.TimeLimitExceededMinTime:0.005]]
[2021.01.12-05.40.53:030][  0]LogConfig: Setting CVar [[s.UseBackgroundLevelStreaming:1]]
[2021.01.12-05.40.53:030][  0]LogConfig: Setting CVar [[s.PriorityAsyncLoadingExtraTime:15.0]]
[2021.01.12-05.40.53:030][  0]LogConfig: Setting CVar [[s.LevelStreamingActorsUpdateTimeLimit:5.0]]
[2021.01.12-05.40.53:030][  0]LogConfig: Setting CVar [[s.PriorityLevelStreamingActorsUpdateExtraTime:5.0]]
[2021.01.12-05.40.53:030][  0]LogConfig: Setting CVar [[s.LevelStreamingComponentsRegistrationGranularity:10]]
[2021.01.12-05.40.53:030][  0]LogConfig: Setting CVar [[s.UnregisterComponentsTimeLimit:1.0]]
[2021.01.12-05.40.53:030][  0]LogConfig: Setting CVar [[s.LevelStreamingComponentsUnregistrationGranularity:5]]
[2021.01.12-05.40.53:030][  0]LogConfig: Setting CVar [[s.FlushStreamingOnExit:1]]
[2021.01.12-05.40.53:030][  0]LogConfig: Applying CVar settings from Section [/Script/Engine.GarbageCollectionSettings] File [E:/ue4/StealthGame_ProjectBase_4.25/StealthGame_ProjectBase_4.25/StealthGame/Saved/Config/Windows/Engine.ini]
[2021.01.12-05.40.53:030][  0]LogConfig: Setting CVar [[gc.MaxObjectsNotConsideredByGC:1]]
[2021.01.12-05.40.53:030][  0]LogConfig: Setting CVar [[gc.SizeOfPermanentObjectPool:0]]
[2021.01.12-05.40.53:030][  0]LogConfig: Setting CVar [[gc.FlushStreamingOnGC:0]]
[2021.01.12-05.40.53:030][  0]LogConfig: Setting CVar [[gc.NumRetriesBeforeForcingGC:10]]
[2021.01.12-05.40.53:030][  0]LogConfig: Setting CVar [[gc.AllowParallelGC:1]]
[2021.01.12-05.40.53:030][  0]LogConfig: Setting CVar [[gc.TimeBetweenPurgingPendingKillObjects:61.1]]
[2021.01.12-05.40.53:030][  0]LogConfig: Setting CVar [[gc.MaxObjectsInEditor:25165824]]
[2021.01.12-05.40.53:031][  0]LogConfig: Setting CVar [[gc.IncrementalBeginDestroyEnabled:1]]
[2021.01.12-05.40.53:031][  0]LogConfig: Setting CVar [[gc.CreateGCClusters:1]]
[2021.01.12-05.40.53:031][  0]LogConfig: Setting CVar [[gc.MinGCClusterSize:5]]
[2021.01.12-05.40.53:031][  0]LogConfig: Setting CVar [[gc.ActorClusteringEnabled:0]]
[2021.01.12-05.40.53:031][  0]LogConfig: Setting CVar [[gc.BlueprintClusteringEnabled:0]]
[2021.01.12-05.40.53:031][  0]LogConfig: Setting CVar [[gc.UseDisregardForGCOnDedicatedServers:0]]
[2021.01.12-05.40.53:031][  0]LogConfig: Applying CVar settings from Section [/Script/Engine.NetworkSettings] File [E:/ue4/StealthGame_ProjectBase_4.25/StealthGame_ProjectBase_4.25/StealthGame/Saved/Config/Windows/Engine.ini]
[2021.01.12-05.40.53:031][  0]LogConfig: Applying CVar settings from Section [/Script/UnrealEd.CookerSettings] File [E:/ue4/StealthGame_ProjectBase_4.25/StealthGame_ProjectBase_4.25/StealthGame/Saved/Config/Windows/Engine.ini]
[2021.01.12-05.40.53:039][  0]LogConfig: Applying CVar settings from Section [ViewDistanceQuality@3] File [E:/ue4/StealthGame_ProjectBase_4.25/StealthGame_ProjectBase_4.25/StealthGame/Saved/Config/Windows/Scalability.ini]
[2021.01.12-05.40.53:039][  0]LogConfig: Setting CVar [[r.SkeletalMeshLODBias:0]]
[2021.01.12-05.40.53:039][  0]LogConfig: Setting CVar [[r.ViewDistanceScale:1.0]]
[2021.01.12-05.40.53:039][  0]LogConfig: Applying CVar settings from Section [AntiAliasingQuality@3] File [E:/ue4/StealthGame_ProjectBase_4.25/StealthGame_ProjectBase_4.25/StealthGame/Saved/Config/Windows/Scalability.ini]
[2021.01.12-05.40.53:039][  0]LogConfig: Setting CVar [[r.PostProcessAAQuality:4]]
[2021.01.12-05.40.53:039][  0]LogConfig: Applying CVar settings from Section [ShadowQuality@3] File [E:/ue4/StealthGame_ProjectBase_4.25/StealthGame_ProjectBase_4.25/StealthGame/Saved/Config/Windows/Scalability.ini]
[2021.01.12-05.40.53:040][  0]LogConfig: Setting CVar [[r.LightFunctionQuality:1]]
[2021.01.12-05.40.53:040][  0]LogConfig: Setting CVar [[r.ShadowQuality:5]]
[2021.01.12-05.40.53:040][  0]LogConfig: Setting CVar [[r.Shadow.CSM.MaxCascades:10]]
[2021.01.12-05.40.53:040][  0]LogConfig: Setting CVar [[r.Shadow.MaxResolution:2048]]
[2021.01.12-05.40.53:040][  0]LogConfig: Setting CVar [[r.Shadow.MaxCSMResolution:2048]]
[2021.01.12-05.40.53:040][  0]LogConfig: Setting CVar [[r.Shadow.RadiusThreshold:0.01]]
[2021.01.12-05.40.53:040][  0]LogConfig: Setting CVar [[r.Shadow.DistanceScale:1.0]]
[2021.01.12-05.40.53:040][  0]LogConfig: Setting CVar [[r.Shadow.CSM.TransitionScale:1.0]]
[2021.01.12-05.40.53:040][  0]LogConfig: Setting CVar [[r.Shadow.PreShadowResolutionFactor:1.0]]
[2021.01.12-05.40.53:040][  0]LogConfig: Setting CVar [[r.DistanceFieldShadowing:1]]
[2021.01.12-05.40.53:040][  0]LogConfig: Setting CVar [[r.DistanceFieldAO:1]]
[2021.01.12-05.40.53:040][  0]LogConfig: Setting CVar [[r.AOQuality:2]]
[2021.01.12-05.40.53:040][  0]LogConfig: Setting CVar [[r.VolumetricFog:1]]
[2021.01.12-05.40.53:040][  0]LogConfig: Setting CVar [[r.VolumetricFog.GridPixelSize:8]]
[2021.01.12-05.40.53:040][  0]LogConfig: Setting CVar [[r.VolumetricFog.GridSizeZ:128]]
[2021.01.12-05.40.53:040][  0]LogConfig: Setting CVar [[r.VolumetricFog.HistoryMissSupersampleCount:4]]
[2021.01.12-05.40.53:040][  0]LogConfig: Setting CVar [[r.LightMaxDrawDistanceScale:1]]
[2021.01.12-05.40.53:040][  0]LogConfig: Setting CVar [[r.CapsuleShadows:1]]
[2021.01.12-05.40.53:040][  0]LogConfig: Applying CVar settings from Section [PostProcessQuality@3] File [E:/ue4/StealthGame_ProjectBase_4.25/StealthGame_ProjectBase_4.25/StealthGame/Saved/Config/Windows/Scalability.ini]
[2021.01.12-05.40.53:040][  0]LogConfig: Setting CVar [[r.MotionBlurQuality:4]]
[2021.01.12-05.40.53:040][  0]LogConfig: Setting CVar [[r.AmbientOcclusionMipLevelFactor:0.4]]
[2021.01.12-05.40.53:040][  0]LogConfig: Setting CVar [[r.AmbientOcclusionMaxQuality:100]]
[2021.01.12-05.40.53:040][  0]LogConfig: Setting CVar [[r.AmbientOcclusionLevels:-1]]
[2021.01.12-05.40.53:040][  0]LogConfig: Setting CVar [[r.AmbientOcclusionRadiusScale:1.0]]
[2021.01.12-05.40.53:040][  0]LogConfig: Setting CVar [[r.DepthOfFieldQuality:2]]
[2021.01.12-05.40.53:040][  0]LogConfig: Setting CVar [[r.RenderTargetPoolMin:400]]
[2021.01.12-05.40.53:040][  0]LogConfig: Setting CVar [[r.LensFlareQuality:2]]
[2021.01.12-05.40.53:040][  0]LogConfig: Setting CVar [[r.SceneColorFringeQuality:1]]
[2021.01.12-05.40.53:040][  0]LogConfig: Setting CVar [[r.EyeAdaptationQuality:2]]
[2021.01.12-05.40.53:041][  0]LogConfig: Setting CVar [[r.BloomQuality:5]]
[2021.01.12-05.40.53:041][  0]LogConfig: Setting CVar [[r.FastBlurThreshold:100]]
[2021.01.12-05.40.53:041][  0]LogConfig: Setting CVar [[r.Upscale.Quality:3]]
[2021.01.12-05.40.53:041][  0]LogConfig: Setting CVar [[r.Tonemapper.GrainQuantization:1]]
[2021.01.12-05.40.53:041][  0]LogConfig: Setting CVar [[r.LightShaftQuality:1]]
[2021.01.12-05.40.53:041][  0]LogConfig: Setting CVar [[r.Filter.SizeScale:1]]
[2021.01.12-05.40.53:041][  0]LogConfig: Setting CVar [[r.Tonemapper.Quality:5]]
[2021.01.12-05.40.53:041][  0]LogConfig: Setting CVar [[r.DOF.Gather.AccumulatorQuality:1        ; higher gathering accumulator quality]]
[2021.01.12-05.40.53:041][  0]LogConfig: Setting CVar [[r.DOF.Gather.PostfilterMethod:1          ; Median3x3 postfilering method]]
[2021.01.12-05.40.53:041][  0]LogConfig: Setting CVar [[r.DOF.Gather.EnableBokehSettings:0       ; no bokeh simulation when gathering]]
[2021.01.12-05.40.53:041][  0]LogConfig: Setting CVar [[r.DOF.Gather.RingCount:4                 ; medium number of samples when gathering]]
[2021.01.12-05.40.53:041][  0]LogConfig: Setting CVar [[r.DOF.Scatter.ForegroundCompositing:1    ; additive foreground scattering]]
[2021.01.12-05.40.53:041][  0]LogConfig: Setting CVar [[r.DOF.Scatter.BackgroundCompositing:2    ; additive background scattering]]
[2021.01.12-05.40.53:041][  0]LogConfig: Setting CVar [[r.DOF.Scatter.EnableBokehSettings:1      ; bokeh simulation when scattering]]
[2021.01.12-05.40.53:041][  0]LogConfig: Setting CVar [[r.DOF.Scatter.MaxSpriteRatio:0.1         ; only a maximum of 10% of scattered bokeh]]
[2021.01.12-05.40.53:041][  0]LogConfig: Setting CVar [[r.DOF.Recombine.Quality:1                ; cheap slight out of focus]]
[2021.01.12-05.40.53:041][  0]LogConfig: Setting CVar [[r.DOF.Recombine.EnableBokehSettings:0    ; no bokeh simulation on slight out of focus]]
[2021.01.12-05.40.53:041][  0]LogConfig: Setting CVar [[r.DOF.TemporalAAQuality:1                ; more stable temporal accumulation]]
[2021.01.12-05.40.53:041][  0]LogConfig: Setting CVar [[r.DOF.Kernel.MaxForegroundRadius:0.025]]
[2021.01.12-05.40.53:041][  0]LogConfig: Setting CVar [[r.DOF.Kernel.MaxBackgroundRadius:0.025]]
[2021.01.12-05.40.53:041][  0]LogConfig: Applying CVar settings from Section [TextureQuality@3] File [E:/ue4/StealthGame_ProjectBase_4.25/StealthGame_ProjectBase_4.25/StealthGame/Saved/Config/Windows/Scalability.ini]
[2021.01.12-05.40.53:041][  0]LogConfig: Setting CVar [[r.Streaming.MipBias:0]]
[2021.01.12-05.40.53:041][  0]LogConfig: Setting CVar [[r.Streaming.AmortizeCPUToGPUCopy:0]]
[2021.01.12-05.40.53:041][  0]LogConfig: Setting CVar [[r.Streaming.MaxNumTexturesToStreamPerFrame:0]]
[2021.01.12-05.40.53:041][  0]LogConfig: Setting CVar [[r.Streaming.Boost:1]]
[2021.01.12-05.40.53:041][  0]LogConfig: Setting CVar [[r.MaxAnisotropy:8]]
[2021.01.12-05.40.53:041][  0]LogConfig: Setting CVar [[r.VT.MaxAnisotropy:8]]
[2021.01.12-05.40.53:041][  0]LogConfig: Setting CVar [[r.Streaming.LimitPoolSizeToVRAM:0]]
[2021.01.12-05.40.53:042][  0]LogConfig: Setting CVar [[r.Streaming.PoolSize:1000]]
[2021.01.12-05.40.53:042][  0]LogConfig: Setting CVar [[r.Streaming.MaxEffectiveScreenSize:0]]
[2021.01.12-05.40.53:042][  0]LogConfig: Applying CVar settings from Section [EffectsQuality@3] File [E:/ue4/StealthGame_ProjectBase_4.25/StealthGame_ProjectBase_4.25/StealthGame/Saved/Config/Windows/Scalability.ini]
[2021.01.12-05.40.53:042][  0]LogConfig: Setting CVar [[r.TranslucencyLightingVolumeDim:64]]
[2021.01.12-05.40.53:042][  0]LogConfig: Setting CVar [[r.RefractionQuality:2]]
[2021.01.12-05.40.53:042][  0]LogConfig: Setting CVar [[r.SSR.Quality:3]]
[2021.01.12-05.40.53:042][  0]LogConfig: Setting CVar [[r.SSR.HalfResSceneColor:0]]
[2021.01.12-05.40.53:042][  0]LogConfig: Setting CVar [[r.SceneColorFormat:4]]
[2021.01.12-05.40.53:042][  0]LogConfig: Setting CVar [[r.DetailMode:2]]
[2021.01.12-05.40.53:042][  0]LogConfig: Setting CVar [[r.TranslucencyVolumeBlur:1]]
[2021.01.12-05.40.53:042][  0]LogConfig: Setting CVar [[r.MaterialQualityLevel:1 ; High quality]]
[2021.01.12-05.40.53:042][  0]LogConfig: Setting CVar [[r.SSS.Scale:1]]
[2021.01.12-05.40.53:042][  0]LogConfig: Setting CVar [[r.SSS.SampleSet:2]]
[2021.01.12-05.40.53:042][  0]LogConfig: Setting CVar [[r.SSS.Quality:1]]
[2021.01.12-05.40.53:042][  0]LogConfig: Setting CVar [[r.SSS.HalfRes:0]]
[2021.01.12-05.40.53:042][  0]LogConfig: Setting CVar [[r.SSGI.Quality:3]]
[2021.01.12-05.40.53:042][  0]LogConfig: Setting CVar [[r.EmitterSpawnRateScale:1.0]]
[2021.01.12-05.40.53:042][  0]LogConfig: Setting CVar [[r.ParticleLightQuality:2]]
[2021.01.12-05.40.53:042][  0]LogConfig: Setting CVar [[r.SkyAtmosphere.AerialPerspectiveLUT.FastApplyOnOpaque:1 ; Always have FastSkyLUT 1 in this case to avoid wrong sky]]
[2021.01.12-05.40.53:042][  0]LogConfig: Setting CVar [[r.SkyAtmosphere.AerialPerspectiveLUT.SampleCountPerSlice:1]]
[2021.01.12-05.40.53:042][  0]LogConfig: Setting CVar [[r.SkyAtmosphere.AerialPerspectiveLUT.DepthResolution:16.0]]
[2021.01.12-05.40.53:042][  0]LogConfig: Setting CVar [[r.SkyAtmosphere.FastSkyLUT:1]]
[2021.01.12-05.40.53:042][  0]LogConfig: Setting CVar [[r.SkyAtmosphere.FastSkyLUT.SampleCountMin:4.0]]
[2021.01.12-05.40.53:042][  0]LogConfig: Setting CVar [[r.SkyAtmosphere.FastSkyLUT.SampleCountMax:32.0]]
[2021.01.12-05.40.53:042][  0]LogConfig: Setting CVar [[r.SkyAtmosphere.SampleCountMin:4.0]]
[2021.01.12-05.40.53:042][  0]LogConfig: Setting CVar [[r.SkyAtmosphere.SampleCountMax:32.0]]
[2021.01.12-05.40.53:042][  0]LogConfig: Setting CVar [[r.SkyAtmosphere.TransmittanceLUT.UseSmallFormat:0]]
[2021.01.12-05.40.53:042][  0]LogConfig: Setting CVar [[r.SkyAtmosphere.TransmittanceLUT.SampleCount:10.0]]
[2021.01.12-05.40.53:042][  0]LogConfig: Setting CVar [[r.SkyAtmosphere.MultiScatteringLUT.SampleCount:15.0]]
[2021.01.12-05.40.53:043][  0]LogConfig: Applying CVar settings from Section [FoliageQuality@3] File [E:/ue4/StealthGame_ProjectBase_4.25/StealthGame_ProjectBase_4.25/StealthGame/Saved/Config/Windows/Scalability.ini]
[2021.01.12-05.40.53:043][  0]LogConfig: Setting CVar [[foliage.DensityScale:1.0]]
[2021.01.12-05.40.53:043][  0]LogConfig: Setting CVar [[grass.DensityScale:1.0]]
[2021.01.12-05.40.53:043][  0]LogConfig: Applying CVar settings from Section [ShadingQuality@3] File [E:/ue4/StealthGame_ProjectBase_4.25/StealthGame_ProjectBase_4.25/StealthGame/Saved/Config/Windows/Scalability.ini]
[2021.01.12-05.40.53:043][  0]LogConfig: Setting CVar [[r.HairStrands.SkyLighting.SampleCount:16]]
[2021.01.12-05.40.53:043][  0]LogConfig: Setting CVar [[r.HairStrands.SkyLighting.JitterIntegration:0]]
[2021.01.12-05.40.53:043][  0]LogConfig: Setting CVar [[r.HairStrands.SkyAO.SampleCount:16]]
[2021.01.12-05.40.53:043][  0]LogConfig: Setting CVar [[r.HairStrands.DeepShadow.SuperSampling:0]]
[2021.01.12-05.40.53:043][  0]LogConfig: Setting CVar [[r.HairStrands.VisibilityPPLL:0]]
[2021.01.12-05.40.53:043][  0]LogConfig: Setting CVar [[r.HairStrands.RasterizationScale:0.5]]
[2021.01.12-05.40.53:043][  0]LogConfig: Setting CVar [[r.HairStrands.VelocityRasterizationScale:1]]
[2021.01.12-05.40.53:043][  0]LogInit: Selected Device Profile: [Windows]
[2021.01.12-05.40.53:043][  0]LogInit: Applying CVar settings loaded from the selected device profile: [Windows]
[2021.01.12-05.40.53:043][  0]LogHAL: Display: Platform has ~ 16 GB [17082105856 / 17179869184 / 16], which maps to Larger [LargestMinGB=32, LargerMinGB=12, DefaultMinGB=8, SmallerMinGB=6, SmallestMinGB=0)
[2021.01.12-05.40.53:043][  0]LogInit: Going up to parent DeviceProfile []
[2021.01.12-05.40.53:043][  0]LogConfig: Applying CVar settings from Section [ViewDistanceQuality@3] File [E:/ue4/StealthGame_ProjectBase_4.25/StealthGame_ProjectBase_4.25/StealthGame/Saved/Config/Windows/Scalability.ini]
[2021.01.12-05.40.53:043][  0]LogConfig: Setting CVar [[r.SkeletalMeshLODBias:0]]
[2021.01.12-05.40.53:043][  0]LogConfig: Setting CVar [[r.ViewDistanceScale:1.0]]
[2021.01.12-05.40.53:043][  0]LogConfig: Applying CVar settings from Section [AntiAliasingQuality@3] File [E:/ue4/StealthGame_ProjectBase_4.25/StealthGame_ProjectBase_4.25/StealthGame/Saved/Config/Windows/Scalability.ini]
[2021.01.12-05.40.53:043][  0]LogConfig: Setting CVar [[r.PostProcessAAQuality:4]]
[2021.01.12-05.40.53:043][  0]LogConfig: Applying CVar settings from Section [ShadowQuality@3] File [E:/ue4/StealthGame_ProjectBase_4.25/StealthGame_ProjectBase_4.25/StealthGame/Saved/Config/Windows/Scalability.ini]
[2021.01.12-05.40.53:043][  0]LogConfig: Setting CVar [[r.LightFunctionQuality:1]]
[2021.01.12-05.40.53:043][  0]LogConfig: Setting CVar [[r.ShadowQuality:5]]
[2021.01.12-05.40.53:044][  0]LogConfig: Setting CVar [[r.Shadow.CSM.MaxCascades:10]]
[2021.01.12-05.40.53:044][  0]LogConfig: Setting CVar [[r.Shadow.MaxResolution:2048]]
[2021.01.12-05.40.53:044][  0]LogConfig: Setting CVar [[r.Shadow.MaxCSMResolution:2048]]
[2021.01.12-05.40.53:044][  0]LogConfig: Setting CVar [[r.Shadow.RadiusThreshold:0.01]]
[2021.01.12-05.40.53:044][  0]LogConfig: Setting CVar [[r.Shadow.DistanceScale:1.0]]
[2021.01.12-05.40.53:044][  0]LogConfig: Setting CVar [[r.Shadow.CSM.TransitionScale:1.0]]
[2021.01.12-05.40.53:044][  0]LogConfig: Setting CVar [[r.Shadow.PreShadowResolutionFactor:1.0]]
[2021.01.12-05.40.53:044][  0]LogConfig: Setting CVar [[r.DistanceFieldShadowing:1]]
[2021.01.12-05.40.53:044][  0]LogConfig: Setting CVar [[r.DistanceFieldAO:1]]
[2021.01.12-05.40.53:044][  0]LogConfig: Setting CVar [[r.AOQuality:2]]
[2021.01.12-05.40.53:044][  0]LogConfig: Setting CVar [[r.VolumetricFog:1]]
[2021.01.12-05.40.53:044][  0]LogConfig: Setting CVar [[r.VolumetricFog.GridPixelSize:8]]
[2021.01.12-05.40.53:044][  0]LogConfig: Setting CVar [[r.VolumetricFog.GridSizeZ:128]]
[2021.01.12-05.40.53:044][  0]LogConfig: Setting CVar [[r.VolumetricFog.HistoryMissSupersampleCount:4]]
[2021.01.12-05.40.53:044][  0]LogConfig: Setting CVar [[r.LightMaxDrawDistanceScale:1]]
[2021.01.12-05.40.53:044][  0]LogConfig: Setting CVar [[r.CapsuleShadows:1]]
[2021.01.12-05.40.53:044][  0]LogConfig: Applying CVar settings from Section [PostProcessQuality@3] File [E:/ue4/StealthGame_ProjectBase_4.25/StealthGame_ProjectBase_4.25/StealthGame/Saved/Config/Windows/Scalability.ini]
[2021.01.12-05.40.53:044][  0]LogConfig: Setting CVar [[r.MotionBlurQuality:4]]
[2021.01.12-05.40.53:044][  0]LogConfig: Setting CVar [[r.AmbientOcclusionMipLevelFactor:0.4]]
[2021.01.12-05.40.53:044][  0]LogConfig: Setting CVar [[r.AmbientOcclusionMaxQuality:100]]
[2021.01.12-05.40.53:044][  0]LogConfig: Setting CVar [[r.AmbientOcclusionLevels:-1]]
[2021.01.12-05.40.53:044][  0]LogConfig: Setting CVar [[r.AmbientOcclusionRadiusScale:1.0]]
[2021.01.12-05.40.53:044][  0]LogConfig: Setting CVar [[r.DepthOfFieldQuality:2]]
[2021.01.12-05.40.53:044][  0]LogConfig: Setting CVar [[r.RenderTargetPoolMin:400]]
[2021.01.12-05.40.53:044][  0]LogConfig: Setting CVar [[r.LensFlareQuality:2]]
[2021.01.12-05.40.53:044][  0]LogConfig: Setting CVar [[r.SceneColorFringeQuality:1]]
[2021.01.12-05.40.53:044][  0]LogConfig: Setting CVar [[r.EyeAdaptationQuality:2]]
[2021.01.12-05.40.53:044][  0]LogConfig: Setting CVar [[r.BloomQuality:5]]
[2021.01.12-05.40.53:044][  0]LogConfig: Setting CVar [[r.FastBlurThreshold:100]]
[2021.01.12-05.40.53:045][  0]LogConfig: Setting CVar [[r.Upscale.Quality:3]]
[2021.01.12-05.40.53:045][  0]LogConfig: Setting CVar [[r.Tonemapper.GrainQuantization:1]]
[2021.01.12-05.40.53:045][  0]LogConfig: Setting CVar [[r.LightShaftQuality:1]]
[2021.01.12-05.40.53:045][  0]LogConfig: Setting CVar [[r.Filter.SizeScale:1]]
[2021.01.12-05.40.53:045][  0]LogConfig: Setting CVar [[r.Tonemapper.Quality:5]]
[2021.01.12-05.40.53:045][  0]LogConfig: Setting CVar [[r.DOF.Gather.AccumulatorQuality:1        ; higher gathering accumulator quality]]
[2021.01.12-05.40.53:045][  0]LogConfig: Setting CVar [[r.DOF.Gather.PostfilterMethod:1          ; Median3x3 postfilering method]]
[2021.01.12-05.40.53:045][  0]LogConfig: Setting CVar [[r.DOF.Gather.EnableBokehSettings:0       ; no bokeh simulation when gathering]]
[2021.01.12-05.40.53:045][  0]LogConfig: Setting CVar [[r.DOF.Gather.RingCount:4                 ; medium number of samples when gathering]]
[2021.01.12-05.40.53:045][  0]LogConfig: Setting CVar [[r.DOF.Scatter.ForegroundCompositing:1    ; additive foreground scattering]]
[2021.01.12-05.40.53:045][  0]LogConfig: Setting CVar [[r.DOF.Scatter.BackgroundCompositing:2    ; additive background scattering]]
[2021.01.12-05.40.53:045][  0]LogConfig: Setting CVar [[r.DOF.Scatter.EnableBokehSettings:1      ; bokeh simulation when scattering]]
[2021.01.12-05.40.53:045][  0]LogConfig: Setting CVar [[r.DOF.Scatter.MaxSpriteRatio:0.1         ; only a maximum of 10% of scattered bokeh]]
[2021.01.12-05.40.53:045][  0]LogConfig: Setting CVar [[r.DOF.Recombine.Quality:1                ; cheap slight out of focus]]
[2021.01.12-05.40.53:045][  0]LogConfig: Setting CVar [[r.DOF.Recombine.EnableBokehSettings:0    ; no bokeh simulation on slight out of focus]]
[2021.01.12-05.40.53:045][  0]LogConfig: Setting CVar [[r.DOF.TemporalAAQuality:1                ; more stable temporal accumulation]]
[2021.01.12-05.40.53:045][  0]LogConfig: Setting CVar [[r.DOF.Kernel.MaxForegroundRadius:0.025]]
[2021.01.12-05.40.53:045][  0]LogConfig: Setting CVar [[r.DOF.Kernel.MaxBackgroundRadius:0.025]]
[2021.01.12-05.40.53:045][  0]LogConfig: Applying CVar settings from Section [TextureQuality@3] File [E:/ue4/StealthGame_ProjectBase_4.25/StealthGame_ProjectBase_4.25/StealthGame/Saved/Config/Windows/Scalability.ini]
[2021.01.12-05.40.53:045][  0]LogConfig: Setting CVar [[r.Streaming.MipBias:0]]
[2021.01.12-05.40.53:045][  0]LogConfig: Setting CVar [[r.Streaming.AmortizeCPUToGPUCopy:0]]
[2021.01.12-05.40.53:045][  0]LogConfig: Setting CVar [[r.Streaming.MaxNumTexturesToStreamPerFrame:0]]
[2021.01.12-05.40.53:045][  0]LogConfig: Setting CVar [[r.Streaming.Boost:1]]
[2021.01.12-05.40.53:045][  0]LogConfig: Setting CVar [[r.MaxAnisotropy:8]]
[2021.01.12-05.40.53:045][  0]LogConfig: Setting CVar [[r.VT.MaxAnisotropy:8]]
[2021.01.12-05.40.53:045][  0]LogConfig: Setting CVar [[r.Streaming.LimitPoolSizeToVRAM:0]]
[2021.01.12-05.40.53:045][  0]LogConfig: Setting CVar [[r.Streaming.PoolSize:1000]]
[2021.01.12-05.40.53:045][  0]LogConfig: Setting CVar [[r.Streaming.MaxEffectiveScreenSize:0]]
[2021.01.12-05.40.53:046][  0]LogConfig: Applying CVar settings from Section [EffectsQuality@3] File [E:/ue4/StealthGame_ProjectBase_4.25/StealthGame_ProjectBase_4.25/StealthGame/Saved/Config/Windows/Scalability.ini]
[2021.01.12-05.40.53:046][  0]LogConfig: Setting CVar [[r.TranslucencyLightingVolumeDim:64]]
[2021.01.12-05.40.53:046][  0]LogConfig: Setting CVar [[r.RefractionQuality:2]]
[2021.01.12-05.40.53:046][  0]LogConfig: Setting CVar [[r.SSR.Quality:3]]
[2021.01.12-05.40.53:046][  0]LogConfig: Setting CVar [[r.SSR.HalfResSceneColor:0]]
[2021.01.12-05.40.53:046][  0]LogConfig: Setting CVar [[r.SceneColorFormat:4]]
[2021.01.12-05.40.53:046][  0]LogConfig: Setting CVar [[r.DetailMode:2]]
[2021.01.12-05.40.53:046][  0]LogConfig: Setting CVar [[r.TranslucencyVolumeBlur:1]]
[2021.01.12-05.40.53:046][  0]LogConfig: Setting CVar [[r.MaterialQualityLevel:1 ; High quality]]
[2021.01.12-05.40.53:046][  0]LogConfig: Setting CVar [[r.SSS.Scale:1]]
[2021.01.12-05.40.53:046][  0]LogConfig: Setting CVar [[r.SSS.SampleSet:2]]
[2021.01.12-05.40.53:046][  0]LogConfig: Setting CVar [[r.SSS.Quality:1]]
[2021.01.12-05.40.53:046][  0]LogConfig: Setting CVar [[r.SSS.HalfRes:0]]
[2021.01.12-05.40.53:046][  0]LogConfig: Setting CVar [[r.SSGI.Quality:3]]
[2021.01.12-05.40.53:046][  0]LogConfig: Setting CVar [[r.EmitterSpawnRateScale:1.0]]
[2021.01.12-05.40.53:046][  0]LogConfig: Setting CVar [[r.ParticleLightQuality:2]]
[2021.01.12-05.40.53:046][  0]LogConfig: Setting CVar [[r.SkyAtmosphere.AerialPerspectiveLUT.FastApplyOnOpaque:1 ; Always have FastSkyLUT 1 in this case to avoid wrong sky]]
[2021.01.12-05.40.53:046][  0]LogConfig: Setting CVar [[r.SkyAtmosphere.AerialPerspectiveLUT.SampleCountPerSlice:1]]
[2021.01.12-05.40.53:046][  0]LogConfig: Setting CVar [[r.SkyAtmosphere.AerialPerspectiveLUT.DepthResolution:16.0]]
[2021.01.12-05.40.53:046][  0]LogConfig: Setting CVar [[r.SkyAtmosphere.FastSkyLUT:1]]
[2021.01.12-05.40.53:046][  0]LogConfig: Setting CVar [[r.SkyAtmosphere.FastSkyLUT.SampleCountMin:4.0]]
[2021.01.12-05.40.53:046][  0]LogConfig: Setting CVar [[r.SkyAtmosphere.FastSkyLUT.SampleCountMax:32.0]]
[2021.01.12-05.40.53:046][  0]LogConfig: Setting CVar [[r.SkyAtmosphere.SampleCountMin:4.0]]
[2021.01.12-05.40.53:046][  0]LogConfig: Setting CVar [[r.SkyAtmosphere.SampleCountMax:32.0]]
[2021.01.12-05.40.53:046][  0]LogConfig: Setting CVar [[r.SkyAtmosphere.TransmittanceLUT.UseSmallFormat:0]]
[2021.01.12-05.40.53:046][  0]LogConfig: Setting CVar [[r.SkyAtmosphere.TransmittanceLUT.SampleCount:10.0]]
[2021.01.12-05.40.53:046][  0]LogConfig: Setting CVar [[r.SkyAtmosphere.MultiScatteringLUT.SampleCount:15.0]]
[2021.01.12-05.40.53:046][  0]LogConfig: Applying CVar settings from Section [FoliageQuality@3] File [E:/ue4/StealthGame_ProjectBase_4.25/StealthGame_ProjectBase_4.25/StealthGame/Saved/Config/Windows/Scalability.ini]
[2021.01.12-05.40.53:046][  0]LogConfig: Setting CVar [[foliage.DensityScale:1.0]]
[2021.01.12-05.40.53:047][  0]LogConfig: Setting CVar [[grass.DensityScale:1.0]]
[2021.01.12-05.40.53:047][  0]LogConfig: Applying CVar settings from Section [ShadingQuality@3] File [E:/ue4/StealthGame_ProjectBase_4.25/StealthGame_ProjectBase_4.25/StealthGame/Saved/Config/Windows/Scalability.ini]
[2021.01.12-05.40.53:047][  0]LogConfig: Setting CVar [[r.HairStrands.SkyLighting.SampleCount:16]]
[2021.01.12-05.40.53:047][  0]LogConfig: Setting CVar [[r.HairStrands.SkyLighting.JitterIntegration:0]]
[2021.01.12-05.40.53:047][  0]LogConfig: Setting CVar [[r.HairStrands.SkyAO.SampleCount:16]]
[2021.01.12-05.40.53:047][  0]LogConfig: Setting CVar [[r.HairStrands.DeepShadow.SuperSampling:0]]
[2021.01.12-05.40.53:047][  0]LogConfig: Setting CVar [[r.HairStrands.VisibilityPPLL:0]]
[2021.01.12-05.40.53:047][  0]LogConfig: Setting CVar [[r.HairStrands.RasterizationScale:0.5]]
[2021.01.12-05.40.53:047][  0]LogConfig: Setting CVar [[r.HairStrands.VelocityRasterizationScale:1]]
[2021.01.12-05.40.53:047][  0]LogConfig: Applying CVar settings from Section [Startup] File [../../../Engine/Config/ConsoleVariables.ini]
[2021.01.12-05.40.53:047][  0]LogConfig: Setting CVar [[net.UseAdaptiveNetUpdateFrequency:0]]
[2021.01.12-05.40.53:047][  0]LogConfig: Setting CVar [[p.chaos.AllowCreatePhysxBodies:1]]
[2021.01.12-05.40.53:047][  0]LogConfig: Setting CVar [[fx.SkipVectorVMBackendOptimizations:1]]
[2021.01.12-05.40.53:047][  0]LogConfig: Applying CVar settings from Section [ConsoleVariables] File [E:/ue4/StealthGame_ProjectBase_4.25/StealthGame_ProjectBase_4.25/StealthGame/Saved/Config/Windows/Engine.ini]
[2021.01.12-05.40.53:047][  0]LogInit: Computer: DESKTOP-ALKKQ0L
[2021.01.12-05.40.53:047][  0]LogInit: User: 32808
[2021.01.12-05.40.53:047][  0]LogInit: CPU Page size=4096, Cores=8
[2021.01.12-05.40.53:048][  0]LogInit: High frequency timer resolution =10.000000 MHz
[2021.01.12-05.40.53:048][  0]LogMemory: Memory total: Physical=15.9GB (16GB approx)
[2021.01.12-05.40.53:048][  0]LogMemory: Platform Memory Stats for Windows
[2021.01.12-05.40.53:048][  0]LogMemory: Process Physical Memory: 117.25 MB used, 117.25 MB peak
[2021.01.12-05.40.53:048][  0]LogMemory: Process Virtual Memory: 98.34 MB used, 98.34 MB peak
[2021.01.12-05.40.53:048][  0]LogMemory: Physical Memory: 10521.62 MB used,  5769.15 MB free, 16290.77 MB total
[2021.01.12-05.40.53:048][  0]LogMemory: Virtual Memory: 5151.10 MB used,  134212576.00 MB free, 134217728.00 MB total
[2021.01.12-05.40.53:059][  0]LogWindows: WindowsPlatformFeatures enabled
[2021.01.12-05.40.53:328][  0]LogInit: Physics initialised using underlying interface: PhysX
[2021.01.12-05.40.53:329][  0]LogInit: Using OS detected language (en-US).
[2021.01.12-05.40.53:329][  0]LogInit: Using OS detected locale (en-US).
[2021.01.12-05.40.53:332][  0]LogTextLocalizationManager: No specific localization for 'en-US' exists, so the 'en' localization will be used.
[2021.01.12-05.40.53:496][  0]LogInit: Setting process to per monitor DPI aware
[2021.01.12-05.40.53:550][  0]LogSlate: New Slate User Created.  User Index 0, Is Virtual User: 0
[2021.01.12-05.40.53:550][  0]LogSlate: Slate User Registered.  User Index 0, Is Virtual User: 0
[2021.01.12-05.40.53:732][  0]LogHMD: Failed to initialize OpenVR with code 110
[2021.01.12-05.40.53:732][  0]LogD3D11RHI: D3D11 min allowed feature level: 11_0
[2021.01.12-05.40.53:732][  0]LogD3D11RHI: D3D11 max allowed feature level: 11_0
[2021.01.12-05.40.53:732][  0]LogD3D11RHI: D3D11 adapters:
[2021.01.12-05.40.53:865][  0]LogD3D11RHI:    0. 'NVIDIA GeForce RTX 2070 SUPER' (Feature Level 11_0)
[2021.01.12-05.40.53:865][  0]LogD3D11RHI:       8011/0/8145 MB DedicatedVideo/DedicatedSystem/SharedSystem, Outputs:2, VendorId:0x10de
[2021.01.12-05.40.53:871][  0]LogD3D11RHI:    1. 'Microsoft Basic Render Driver' (Feature Level 11_0)
[2021.01.12-05.40.53:871][  0]LogD3D11RHI:       0/0/8145 MB DedicatedVideo/DedicatedSystem/SharedSystem, Outputs:0, VendorId:0x1414
[2021.01.12-05.40.53:871][  0]LogD3D11RHI: Chosen D3D11 Adapter: 0
[2021.01.12-05.40.53:877][  0]LogD3D11RHI: Creating new Direct3DDevice
[2021.01.12-05.40.53:877][  0]LogD3D11RHI:     GPU DeviceId: 0x1e84 (for the marketing name, search the web for "GPU Device Id")
[2021.01.12-05.40.53:877][  0]LogWindows: EnumDisplayDevices:
[2021.01.12-05.40.53:877][  0]LogWindows:    0. 'NVIDIA GeForce RTX 2070 SUPER' (P:1 D:1)
[2021.01.12-05.40.53:878][  0]LogWindows:    1. 'NVIDIA GeForce RTX 2070 SUPER' (P:0 D:1)
[2021.01.12-05.40.53:879][  0]LogWindows:    2. 'NVIDIA GeForce RTX 2070 SUPER' (P:0 D:0)
[2021.01.12-05.40.53:879][  0]LogWindows:    3. 'NVIDIA GeForce RTX 2070 SUPER' (P:0 D:0)
[2021.01.12-05.40.53:880][  0]LogWindows: DebugString: FoundDriverCount:4 
[2021.01.12-05.40.53:880][  0]LogD3D11RHI:     Adapter Name: NVIDIA GeForce RTX 2070 SUPER
[2021.01.12-05.40.53:880][  0]LogD3D11RHI:   Driver Version: 460.89 (internal:27.21.14.6089, unified:460.89)
[2021.01.12-05.40.53:880][  0]LogD3D11RHI:      Driver Date: 12-11-2020
[2021.01.12-05.40.53:880][  0]LogRHI: Texture pool is 5607 MB (70% of 8011 MB)
[2021.01.12-05.40.53:972][  0]LogD3D11RHI: RHI has support for 64 bit atomics
[2021.01.12-05.40.53:973][  0]LogD3D11RHI: Async texture creation enabled
[2021.01.12-05.40.53:973][  0]LogD3D11RHI: Array index from any shader is supported
[2021.01.12-05.40.53:992][  0]LogD3D11RHI: GPU Timing Frequency: 1000.000000 (Debug: 2 1)
[2021.01.12-05.40.54:712][  0]LogTargetPlatformManager: Display: Loaded TargetPlatform 'AllDesktop'
[2021.01.12-05.40.54:734][  0]LogTargetPlatformManager: Display: Loaded TargetPlatform 'Android'
[2021.01.12-05.40.54:734][  0]LogTargetPlatformManager: Display: Loaded TargetPlatform 'Android_ASTC'
[2021.01.12-05.40.54:734][  0]LogTargetPlatformManager: Display: Loaded TargetPlatform 'Android_DXT'
[2021.01.12-05.40.54:734][  0]LogTargetPlatformManager: Display: Loaded TargetPlatform 'Android_ETC2'
[2021.01.12-05.40.54:734][  0]LogTargetPlatformManager: Display: Loaded TargetPlatform 'AndroidClient'
[2021.01.12-05.40.54:734][  0]LogTargetPlatformManager: Display: Loaded TargetPlatform 'Android_ASTCClient'
[2021.01.12-05.40.54:734][  0]LogTargetPlatformManager: Display: Loaded TargetPlatform 'Android_DXTClient'
[2021.01.12-05.40.54:734][  0]LogTargetPlatformManager: Display: Loaded TargetPlatform 'Android_ETC2Client'
[2021.01.12-05.40.54:734][  0]LogTargetPlatformManager: Display: Loaded TargetPlatform 'Android_Multi'
[2021.01.12-05.40.54:734][  0]LogTargetPlatformManager: Display: Loaded TargetPlatform 'Android_MultiClient'
[2021.01.12-05.40.54:765][  0]LogTargetPlatformManager: Display: Loaded TargetPlatform 'IOSClient'
[2021.01.12-05.40.54:765][  0]LogTargetPlatformManager: Display: Loaded TargetPlatform 'IOS'
[2021.01.12-05.40.54:777][  0]LogTargetPlatformManager: Display: Loaded TargetPlatform 'Linux'
[2021.01.12-05.40.54:788][  0]LogTargetPlatformManager: Display: Loaded TargetPlatform 'LinuxNoEditor'
[2021.01.12-05.40.54:799][  0]LogTargetPlatformManager: Display: Loaded TargetPlatform 'LinuxClient'
[2021.01.12-05.40.54:810][  0]LogTargetPlatformManager: Display: Loaded TargetPlatform 'LinuxServer'
[2021.01.12-05.40.54:821][  0]LogTargetPlatformManager: Display: Loaded TargetPlatform 'LinuxAArch64NoEditor'
[2021.01.12-05.40.54:831][  0]LogTargetPlatformManager: Display: Loaded TargetPlatform 'LinuxAArch64Client'
[2021.01.12-05.40.54:842][  0]LogTargetPlatformManager: Display: Loaded TargetPlatform 'LinuxAArch64Server'
[2021.01.12-05.40.54:869][  0]LogTargetPlatformManager: Display: Loaded TargetPlatform 'Lumin'
[2021.01.12-05.40.54:869][  0]LogTargetPlatformManager: Display: Loaded TargetPlatform 'LuminClient'
[2021.01.12-05.40.54:886][  0]LogTargetPlatformManager: Display: Loaded TargetPlatform 'TVOSClient'
[2021.01.12-05.40.54:886][  0]LogTargetPlatformManager: Display: Loaded TargetPlatform 'TVOS'
[2021.01.12-05.40.54:897][  0]LogTargetPlatformManager: Display: Loaded TargetPlatform 'WindowsNoEditor'
[2021.01.12-05.40.54:908][  0]LogTargetPlatformManager: Display: Loaded TargetPlatform 'Windows'
[2021.01.12-05.40.54:919][  0]LogTargetPlatformManager: Display: Loaded TargetPlatform 'WindowsClient'
[2021.01.12-05.40.54:930][  0]LogTargetPlatformManager: Display: Loaded TargetPlatform 'WindowsServer'
[2021.01.12-05.40.54:930][  0]LogTargetPlatformManager: Display: Building Assets For Windows
[2021.01.12-05.40.54:945][  0]LogAudioDebug: Display: Lib vorbis DLL was dynamically loaded.
[2021.01.12-05.40.55:040][  0]LogShaderCompilers: Guid format shader working directory is -40 characters bigger than the processId version (../../../../ue4/StealthGame_ProjectBase_4.25/StealthGame_ProjectBase_4.25/StealthGame/Intermediate/Shaders/WorkingDirectory/18996/).
[2021.01.12-05.40.55:041][  0]LogShaderCompilers: Cleaned the shader compiler working directory 'C:/Users/32808/AppData/Local/Temp/UnrealShaderWorkingDir/3CF9AE374B4D30C1FFB97EA5E2BE1434/'.
[2021.01.12-05.40.55:041][  0]LogXGEController: Cannot use XGE Controller as Incredibuild is not installed on this machine.
[2021.01.12-05.40.55:041][  0]LogShaderCompilers: Cannot use XGE Shader Compiler as Incredibuild is not installed on this machine.
[2021.01.12-05.40.55:041][  0]LogShaderCompilers: Display: Using Local Shader Compiler.
[2021.01.12-05.40.55:780][  0]LogDerivedDataCache: Display: Max Cache Size: 512 MB
[2021.01.12-05.40.55:831][  0]LogDerivedDataCache: Loaded boot cache 0.05s 78MB C:/Users/32808/AppData/Local/UnrealEngine/4.25/DerivedDataCache/Boot.ddc.
[2021.01.12-05.40.55:831][  0]LogDerivedDataCache: Display: Loaded Boot cache: C:/Users/32808/AppData/Local/UnrealEngine/4.25/DerivedDataCache/Boot.ddc
[2021.01.12-05.40.55:832][  0]LogDerivedDataCache: FDerivedDataBackendGraph:  Pak pak cache file ../../../../ue4/StealthGame_ProjectBase_4.25/StealthGame_ProjectBase_4.25/StealthGame/DerivedDataCache/DDC.ddp not found, will not use a pak cache.
[2021.01.12-05.40.55:832][  0]LogDerivedDataCache: Unable to find inner node Pak for hierarchical cache Hierarchy.
[2021.01.12-05.40.55:832][  0]LogDerivedDataCache: FDerivedDataBackendGraph:  CompressedPak pak cache file ../../../../ue4/StealthGame_ProjectBase_4.25/StealthGame_ProjectBase_4.25/StealthGame/DerivedDataCache/Compressed.ddp not found, will not use a pak cache.
[2021.01.12-05.40.55:832][  0]LogDerivedDataCache: Unable to find inner node CompressedPak for hierarchical cache Hierarchy.
[2021.01.12-05.40.55:842][  0]LogDerivedDataCache: Display: Pak cache opened for reading ../../../Engine/DerivedDataCache/Compressed.ddp.
[2021.01.12-05.40.55:842][  0]LogDerivedDataCache: FDerivedDataBackendGraph:  EnterprisePak pak cache file ../../../Enterprise/DerivedDataCache/Compressed.ddp not found, will not use a pak cache.
[2021.01.12-05.40.55:842][  0]LogDerivedDataCache: Unable to find inner node EnterprisePak for hierarchical cache Hierarchy.
[2021.01.12-05.40.55:845][  0]LogDerivedDataCache: Using Local data cache path C:/Users/32808/AppData/Local/UnrealEngine/Common/DerivedDataCache: Writable
[2021.01.12-05.40.55:845][  0]LogDerivedDataCache: Shared data cache path not found in *engine.ini, will not use an Shared cache.
[2021.01.12-05.40.55:845][  0]LogDerivedDataCache: Unable to find inner node Shared for hierarchical cache Hierarchy.
[2021.01.12-05.40.55:894][  0]LogSlate: Using FreeType 2.10.0
[2021.01.12-05.40.55:894][  0]LogSlate: SlateFontServices - WITH_FREETYPE: 1, WITH_HARFBUZZ: 1
[2021.01.12-05.40.55:924][  0]LogAssetRegistry: FAssetRegistry took 0.0047 seconds to start up
[2021.01.12-05.40.56:133][  0]LogInit: Selected Device Profile: [Windows]
[2021.01.12-05.40.56:329][  0]LogMeshReduction: Using QuadricMeshReduction for automatic static mesh reduction
[2021.01.12-05.40.56:329][  0]LogMeshReduction: Using SimplygonMeshReduction for automatic skeletal mesh reduction
[2021.01.12-05.40.56:329][  0]LogMeshReduction: Using ProxyLODMeshReduction for automatic mesh merging
[2021.01.12-05.40.56:329][  0]LogMeshReduction: No distributed automatic mesh merging module available
[2021.01.12-05.40.56:329][  0]LogMeshMerging: No distributed automatic mesh merging module available
[2021.01.12-05.40.56:348][  0]LogNetVersion: FPSGame 1.0.0, NetCL: 13144385, EngineNetVer: 14, GameNetVer: 0 (Checksum: 1304077534)
[2021.01.12-05.40.56:765][  0]LogAISub: UAISubsystem::UAISubsystem AISubsystem (00000220B73D3840), frame # 0
[2021.01.12-05.40.56:765][  0]LogAISub: UAISubsystem::UAISubsystem AIPerceptionSystem (00000220B73BF740), frame # 0
[2021.01.12-05.40.56:766][  0]LogAISub: UAISubsystem::UAISubsystem EnvQueryManager (00000220B7450800), frame # 0
[2021.01.12-05.40.56:813][  0]LogPackageLocalizationCache: Processed 19 localized package path(s) for 1 prioritized culture(s) in 0.040349 seconds
[2021.01.12-05.40.56:818][  0]LogUObjectArray: 15917 objects as part of root set at end of initial load.
[2021.01.12-05.40.56:818][  0]LogUObjectAllocator: 3965568 out of 0 bytes used by permanent object pool.
[2021.01.12-05.40.56:818][  0]LogUObjectArray: CloseDisregardForGC: 0/0 objects in disregard for GC pool
[2021.01.12-05.40.57:268][  0]LogTcpMessaging: Initializing TcpMessaging bridge
[2021.01.12-05.40.57:275][  0]LogUdpMessaging: Initializing bridge on interface 0.0.0.0:0 to multicast group 230.0.0.1:6666.
[2021.01.12-05.40.57:562][  0]SourceControl: Source control is disabled
[2021.01.12-05.40.57:562][  0]SourceControl: Source control is disabled
[2021.01.12-05.40.57:567][  0]SourceControl: Source control is disabled
[2021.01.12-05.40.57:571][  0]SourceControl: Source control is disabled
[2021.01.12-05.40.57:581][  0]SourceControl: Source control is disabled
[2021.01.12-05.40.57:920][  0]LogAndroidPermission: UAndroidPermissionCallbackProxy::GetInstance
[2021.01.12-05.40.57:950][  0]LogAudioCaptureCore: Display: No Audio Capture implementations found. Audio input will be silent.
[2021.01.12-05.40.57:950][  0]LogAudioCaptureCore: Display: No Audio Capture implementations found. Audio input will be silent.
[2021.01.12-05.40.58:009][  0]LogOcInput: OculusInput pre-init called
[2021.01.12-05.40.58:022][  0]LogWindows: Failed to load 'OVRPlugin.dll' (GetLastError=126)
[2021.01.12-05.40.58:022][  0]LogWindows: File 'OVRPlugin.dll' does not exist
[2021.01.12-05.40.58:091][  0]LogEngine: Initializing Engine...
[2021.01.12-05.40.58:093][  0]LogHMD: Failed to initialize OpenVR with code 110
[2021.01.12-05.40.58:093][  0]LogMagicLeap: Warning: VR disabled because ZI is not enabled.  To enable, in the editor, Edit -> Project Settings -> Plugins -> Magic Leap Plugin -> Enable Zero Iteration
[2021.01.12-05.40.58:094][  0]LogStats: UGameplayTagsManager::InitializeManager -  0.000 s
[2021.01.12-05.40.58:211][  0]LogInit: Initializing FReadOnlyCVARCache
[2021.01.12-05.40.58:222][  0]LogAIModule: Creating AISystem for world Untitled
[2021.01.12-05.40.58:222][  0]LogAISub: UAISubsystem::UAISubsystem EnvQueryManager (00000220B9995E00), frame # 0
[2021.01.12-05.40.58:223][  0]LogAISub: UAISubsystem::UAISubsystem AIPerceptionSystem (00000220B99AE200), frame # 0
[2021.01.12-05.40.58:237][  0]LogAudioMixer: Display: Audio Mixer Platform Settings:
[2021.01.12-05.40.58:237][  0]LogAudioMixer: Display: 	Sample Rate:						  48000
[2021.01.12-05.40.58:237][  0]LogAudioMixer: Display: 	Callback Buffer Frame Size Requested: 1024
[2021.01.12-05.40.58:237][  0]LogAudioMixer: Display: 	Callback Buffer Frame Size To Use:	  1024
[2021.01.12-05.40.58:237][  0]LogAudioMixer: Display: 	Number of buffers to queue:			  2
[2021.01.12-05.40.58:237][  0]LogAudioMixer: Display: 	Max Channels (voices):				  32
[2021.01.12-05.40.58:237][  0]LogAudioMixer: Display: 	Number of Async Source Workers:		  0
[2021.01.12-05.40.58:237][  0]LogAudio: Display: AudioDevice MaxSources: 32
[2021.01.12-05.40.58:238][  0]LogAudio: Display: Using built-in audio occlusion.
[2021.01.12-05.40.58:238][  0]LogAudioMixer: Display: Initializing audio mixer.
[2021.01.12-05.40.58:269][  0]LogAudioMixer: Display: 0: FrontLeft
[2021.01.12-05.40.58:269][  0]LogAudioMixer: Display: 1: FrontRight
[2021.01.12-05.40.58:349][  0]LogAudioMixer: Display: Using Audio Device Dell S2716DG (NVIDIA High Definition Audio)
[2021.01.12-05.40.58:351][  0]LogAudioMixer: Display: Initializing Sound Submixes...
[2021.01.12-05.40.58:354][  0]LogAudioMixer: Display: Creating Master Submix 'MasterSubmixDefault'
[2021.01.12-05.40.58:354][  0]LogAudioMixer: Display: Creating Master Submix 'MasterReverbSubmixDefault'
[2021.01.12-05.40.58:355][  0]LogAudioMixer: Display: Creating Master Submix 'MasterEQSubmixDefault'
[2021.01.12-05.40.58:356][  0]LogInit: FAudioDevice initialized.
[2021.01.12-05.40.58:356][  0]LogNetVersion: Set ProjectVersion to 1.0.0.0. Version Checksum will be recalculated on next use.
[2021.01.12-05.40.58:402][  0]LogDerivedDataCache: Saved boot cache 0.05s 78MB C:/Users/32808/AppData/Local/UnrealEngine/4.25/DerivedDataCache/Boot.ddc.
[2021.01.12-05.40.58:403][  0]LogInit: Texture streaming: Enabled
[2021.01.12-05.40.58:433][  0]LogEngineSessionManager: EngineSessionManager initialized
[2021.01.12-05.40.58:434][  0]LogEngineSessionManager: EngineSessionManager sent abnormal shutdown report. Type=Debugger, SessionId={C1B8A68D-48B7-E79D-A86C-46909A83861C}
[2021.01.12-05.40.58:434][  0]LogEditorSessionSummary: Verbose: Initializing EditorSessionSummaryWriter for editor session tracking
[2021.01.12-05.40.58:437][  0]LogEditorSessionSummary: EditorSessionSummaryWriter initialized
[2021.01.12-05.40.58:474][  0]LogInit: Transaction tracking system initialized
[2021.01.12-05.40.58:505][  0]BlueprintLog: New page: Editor Load
[2021.01.12-05.40.58:597][  0]LocalizationService: Localization service is disabled
[2021.01.12-05.40.58:814][  0]LogCook: Display: Max memory allowance for cook 16384mb min free memory 0mb
[2021.01.12-05.40.58:814][  0]LogCook: Display: Mobile HDR setting 1
[2021.01.12-05.40.58:980][  0]LogFileCache: Scanning file cache for directory 'E:/ue4/StealthGame_ProjectBase_4.25/StealthGame_ProjectBase_4.25/StealthGame/Content/' took 0.00s
[2021.01.12-05.40.59:202][  0]SourceControl: Source control is disabled
[2021.01.12-05.40.59:409][  0]LogSlate: Took 0.000173 seconds to synchronously load lazily loaded font '../../../Engine/Content/Slate/Fonts/Roboto-Regular.ttf' (155K)
[2021.01.12-05.41.04:864][  0]LogSlate: Window 'Restore Packages' being destroyed
[2021.01.12-05.41.04:887][  0]LogWindowsTextInputMethodSystem: Display: IME system now deactivated.
[2021.01.12-05.41.04:896][  0]LogUnrealEdMisc: Loading editor; pre map load, took 13.896
[2021.01.12-05.41.04:897][  0]Cmd: MAP LOAD FILE="../../../../ue4/StealthGame_ProjectBase_4.25/StealthGame_ProjectBase_4.25/StealthGame/Content/Maps/FirstPersonExampleMap.umap" TEMPLATE=0 SHOWPROGRESS=1 FEATURELEVEL=3
[2021.01.12-05.41.04:897][  0]LightingResults: New page: Lighting Build
[2021.01.12-05.41.04:898][  0]LogWorld: UWorld::CleanupWorld for Untitled, bSessionEnded=true, bCleanupResources=true
[2021.01.12-05.41.04:898][  0]LogSlate: InvalidateAllWidgets triggered.  All widgets were invalidated
[2021.01.12-05.41.04:898][  0]MapCheck: New page: Map Check
[2021.01.12-05.41.04:898][  0]LightingResults: New page: Lighting Build
[2021.01.12-05.41.04:915][  0]LogAISub: UAISubsystem::~UAISubsystem EnvQueryManager (00000220B9995E00), frame # 0
[2021.01.12-05.41.04:915][  0]LogAISub: UAISubsystem::~UAISubsystem AIPerceptionSystem (00000220B99AE200), frame # 0
[2021.01.12-05.41.04:916][  0]LogUObjectHash: Compacting FUObjectHashTables data took   0.69ms
[2021.01.12-05.41.04:940][  0]LogLinker: Error: HOTRELOADED_FPSCharacter_1 has an inappropriate outermost, it was probably saved with a deprecated outer (file: ../../../../ue4/StealthGame_ProjectBase_4.25/StealthGame_ProjectBase_4.25/StealthGame/Content/UI/WBP_ObjectiveInfo.uasset)
[2021.01.12-05.41.04:940][  0]LogLinker: Error: HOTRELOADED_FPSCharacter_1 has an inappropriate outermost, it was probably saved with a deprecated outer (file: ../../../../ue4/StealthGame_ProjectBase_4.25/StealthGame_ProjectBase_4.25/StealthGame/Content/UI/WBP_ObjectiveInfo.uasset)
[2021.01.12-05.41.05:061][  0]LogAIModule: Creating AISystem for world FirstPersonExampleMap
[2021.01.12-05.41.05:062][  0]LogAISub: UAISubsystem::UAISubsystem EnvQueryManager (00000220C2381E00), frame # 0
[2021.01.12-05.41.05:062][  0]LogAISub: UAISubsystem::UAISubsystem AIPerceptionSystem (00000220C22D6480), frame # 0
[2021.01.12-05.41.05:069][  0]LogEditorServer: Finished looking for orphan Actors (0.000 secs)
[2021.01.12-05.41.05:082][  0]LogUObjectHash: Compacting FUObjectHashTables data took   0.77ms
[2021.01.12-05.41.05:083][  0]Cmd: MAP CHECKDEP NOCLEARLOG
[2021.01.12-05.41.05:083][  0]MapCheck: Map check complete: 0 Error(s), 0 Warning(s), took 0.1ms to complete.
[2021.01.12-05.41.05:084][  0]LogFileHelpers: Loading map 'FirstPersonExampleMap' took 0.187
[2021.01.12-05.41.05:086][  0]LogUnrealEdMisc: Total Editor Startup Time, took 14.085
[2021.01.12-05.41.05:112][  0]LogWindowsTextInputMethodSystem: Display: IME system now deactivated.
[2021.01.12-05.41.05:173][  0]LogSlate: Updating window title bar state: overlay mode, drag disabled, window buttons hidden, title bar hidden
[2021.01.12-05.41.05:180][  0]LogSlate: Updating window title bar state: overlay mode, drag disabled, window buttons hidden, title bar hidden
[2021.01.12-05.41.05:187][  0]LogSlate: Updating window title bar state: overlay mode, drag disabled, window buttons hidden, title bar hidden
[2021.01.12-05.41.05:194][  0]LogSlate: Updating window title bar state: overlay mode, drag disabled, window buttons hidden, title bar hidden
[2021.01.12-05.41.05:201][  0]LogCollectionManager: Loaded 0 collections in 0.000772 seconds
[2021.01.12-05.41.05:221][  0]LogFileCache: Scanning file cache for directory 'E:/ue4/StealthGame_ProjectBase_4.25/StealthGame_ProjectBase_4.25/StealthGame/Saved/Collections/' took 0.00s
[2021.01.12-05.41.05:221][  0]LogFileCache: Scanning file cache for directory 'E:/ue4/StealthGame_ProjectBase_4.25/StealthGame_ProjectBase_4.25/StealthGame/Content/Developers/32808/Collections/' took 0.00s
[2021.01.12-05.41.05:221][  0]LogFileCache: Scanning file cache for directory 'E:/ue4/StealthGame_ProjectBase_4.25/StealthGame_ProjectBase_4.25/StealthGame/Content/Collections/' took 0.00s
[2021.01.12-05.41.05:221][  0]LogContentBrowser: Native class hierarchy populated in 0.0090 seconds. Added 3437 classes and 824 folders.
[2021.01.12-05.41.05:225][  0]LogContentBrowser: Native class hierarchy updated for 'WidgetCarousel' in 0.0003 seconds. Added 0 classes and 0 folders.
[2021.01.12-05.41.05:287][  0]LogContentBrowser: Native class hierarchy updated for 'AddContentDialog' in 0.0004 seconds. Added 0 classes and 0 folders.
[2021.01.12-05.41.05:291][  0]LogContentBrowser: Native class hierarchy updated for 'SceneOutliner' in 0.0004 seconds. Added 2 classes and 0 folders.
[2021.01.12-05.41.05:395][  0]LogSlate: Took 0.000184 seconds to synchronously load lazily loaded font '../../../Engine/Content/Slate/Fonts/Roboto-Bold.ttf' (160K)
[2021.01.12-05.41.05:399][  0]LogSlate: Took 0.000167 seconds to synchronously load lazily loaded font '../../../Engine/Content/Editor/Slate/Fonts/FontAwesome.ttf' (139K)
[2021.01.12-05.41.05:434][  0]LogRenderer: Reallocating scene render targets to support 1364x832 Format 10 NumSamples 1 (Frame:1).
[2021.01.12-05.41.05:532][  0]LogContentBrowser: Native class hierarchy updated for 'HierarchicalLODOutliner' in 0.0004 seconds. Added 0 classes and 0 folders.
[2021.01.12-05.41.05:532][  0]LogLoad: (Engine Initialization) Total time: 14.53 seconds
[2021.01.12-05.41.05:532][  0]LogLoad: (Engine Initialization) Total Blueprint compile time: 0.00 seconds
[2021.01.12-05.41.05:633][  0]LogAssetRegistry: Asset discovery search completed in 9.7127 seconds
[2021.01.12-05.41.05:637][  0]LogCollectionManager: Fixed up redirectors for 0 collections in 0.000002 seconds (updated 0 objects)
[2021.01.12-05.41.05:638][  0]LogContentStreaming: Texture pool size now 1000 MB
[2021.01.12-05.41.06:611][ 55]LogSlate: Took 0.013415 seconds to synchronously load lazily loaded font '../../../Engine/Content/Slate/Fonts/Roboto-Light.ttf' (167K)
[2021.01.12-05.41.10:939][125]LogTemp: Repeating last play command: New Editor Window (PIE)
[2021.01.12-05.41.10:951][125]LogPlayLevel: PlayLevel: No blueprints needed recompiling
[2021.01.12-05.41.10:952][125]PIE: New page: PIE session: FirstPersonExampleMap (Jan 11, 2021, 1:41:10 PM)
[2021.01.12-05.41.10:953][125]LogOnline: OSS: Creating online subsystem instance for: NULL
[2021.01.12-05.41.10:956][125]LogOnline: OSS: TryLoadSubsystemAndSetDefault: Loaded subsystem for module [NULL]
[2021.01.12-05.41.10:956][125]LogPlayLevel: Creating play world package: /Game/Maps/UEDPIE_0_FirstPersonExampleMap
[2021.01.12-05.41.10:974][125]LogPlayLevel: PIE: StaticDuplicateObject took: (0.018067s)
[2021.01.12-05.41.10:975][125]LogAIModule: Creating AISystem for world FirstPersonExampleMap
[2021.01.12-05.41.10:975][125]LogAISub: UAISubsystem::UAISubsystem EnvQueryManager (00000220EE82D400), frame # 125
[2021.01.12-05.41.10:975][125]LogAISub: UAISubsystem::UAISubsystem AIPerceptionSystem (00000220B4310540), frame # 125
[2021.01.12-05.41.10:975][125]LogPlayLevel: PIE: World Init took: (0.001445s)
[2021.01.12-05.41.10:975][125]LogPlayLevel: PIE: Created PIE world by copying editor world from /Game/Maps/FirstPersonExampleMap.FirstPersonExampleMap to /Game/Maps/UEDPIE_0_FirstPersonExampleMap.FirstPersonExampleMap (0.019862s)
[2021.01.12-05.41.10:987][125]LogUObjectHash: Compacting FUObjectHashTables data took   0.53ms
[2021.01.12-05.41.10:988][125]LogLoad: Game class is 'BP_GameMode_C'
[2021.01.12-05.41.10:990][125]LogWorld: Bringing World /Game/Maps/UEDPIE_0_FirstPersonExampleMap.FirstPersonExampleMap up for play (max tick rate 0) at 2021.01.11-21.41.10
[2021.01.12-05.41.10:991][125]LogWorld: Bringing up level for play took: 0.001832
[2021.01.12-05.41.10:991][125]LogNet: ReplicationDriverClass is null! Not using ReplicationDriver.
[2021.01.12-05.41.10:991][125]LogNetCore: DDoS detection status: detection enabled: 0 analytics enabled: 0
[2021.01.12-05.41.10:991][125]LogInit: WinSock: Socket queue. Rx: 131072 (config 131072) Tx: 131072 (config 131072)
[2021.01.12-05.41.10:992][125]LogNet: Created socket for bind address: 0.0.0.0 on port 17777
[2021.01.12-05.41.10:992][125]PacketHandlerLog: Loaded PacketHandler component: Engine.EngineHandlerComponentFactory (StatelessConnectHandlerComponent)
[2021.01.12-05.41.10:992][125]LogNet: GameNetDriver IpNetDriver_0 IpNetDriver listening on port 17777
[2021.01.12-05.41.10:992][125]PIE: Server logged in
[2021.01.12-05.41.10:993][125]PIE: Play in editor total start time 0.043 seconds.
[2021.01.12-05.41.10:994][125]LogAudioMixer: Display: Audio Mixer Platform Settings:
[2021.01.12-05.41.10:994][125]LogAudioMixer: Display: 	Sample Rate:						  48000
[2021.01.12-05.41.10:994][125]LogAudioMixer: Display: 	Callback Buffer Frame Size Requested: 1024
[2021.01.12-05.41.10:994][125]LogAudioMixer: Display: 	Callback Buffer Frame Size To Use:	  1024
[2021.01.12-05.41.10:994][125]LogAudioMixer: Display: 	Number of buffers to queue:			  2
[2021.01.12-05.41.10:994][125]LogAudioMixer: Display: 	Max Channels (voices):				  32
[2021.01.12-05.41.10:994][125]LogAudioMixer: Display: 	Number of Async Source Workers:		  0
[2021.01.12-05.41.10:994][125]LogAudio: Display: AudioDevice MaxSources: 32
[2021.01.12-05.41.10:995][125]LogAudio: Display: Using built-in audio occlusion.
[2021.01.12-05.41.10:995][125]LogAudioMixer: Display: Initializing audio mixer.
[2021.01.12-05.41.11:009][125]LogAudioMixer: Display: 0: FrontLeft
[2021.01.12-05.41.11:009][125]LogAudioMixer: Display: 1: FrontRight
[2021.01.12-05.41.11:058][125]LogAudioMixer: Display: Using Audio Device Dell S2716DG (NVIDIA High Definition Audio)
[2021.01.12-05.41.11:058][125]LogAudioMixer: Display: Initializing Sound Submixes...
[2021.01.12-05.41.11:058][125]LogAudioMixer: Display: Creating Master Submix 'MasterSubmixDefault'
[2021.01.12-05.41.11:058][125]LogAudioMixer: Display: Creating Master Submix 'MasterReverbSubmixDefault'
[2021.01.12-05.41.11:058][125]LogAudioMixer: Display: Creating Master Submix 'MasterEQSubmixDefault'
[2021.01.12-05.41.11:072][125]LogInit: FAudioDevice initialized.
[2021.01.12-05.41.11:127][125]LogSlate: Updating window title bar state: overlay mode, drag disabled, window buttons hidden, title bar hidden
[2021.01.12-05.41.11:127][125]LogNet: Browse: 127.0.0.1:17777/Game/Maps/FirstPersonExampleMap
[2021.01.12-05.41.11:127][125]LogInit: WinSock: Socket queue. Rx: 32768 (config 32768) Tx: 32768 (config 32768)
[2021.01.12-05.41.11:128][125]LogNet: Created socket for bind address: 0.0.0.0 on port 0
[2021.01.12-05.41.11:128][125]PacketHandlerLog: Loaded PacketHandler component: Engine.EngineHandlerComponentFactory (StatelessConnectHandlerComponent)
[2021.01.12-05.41.11:128][125]LogNet: Game client on port 17777, rate 10000
[2021.01.12-05.41.11:129][125]PIE: Client logged in
[2021.01.12-05.41.11:131][125]PIE: Play in editor total start time 0.181 seconds.
[2021.01.12-05.41.11:135][125]LogOnline: OSS: Creating online subsystem instance for: :Context_1
[2021.01.12-05.41.12:159][183]LogNet: NotifyAcceptingConnection accepted from: 127.0.0.1:55723
[2021.01.12-05.41.12:160][183]LogHandshake: SendConnectChallenge. Timestamp: 1.236166, Cookie: 136193044087173027085101254127187173086230236027021184086229
[2021.01.12-05.41.12:162][183]LogHandshake: SendChallengeResponse. Timestamp: 1.236166, Cookie: 136193044087173027085101254127187173086230236027021184086229
[2021.01.12-05.41.12:175][184]LogNet: NotifyAcceptingConnection accepted from: 127.0.0.1:55723
[2021.01.12-05.41.12:175][184]LogHandshake: SendChallengeAck. InCookie: 136193044087173027085101254127187173086230236027021184086229
[2021.01.12-05.41.12:176][184]LogNet: Server accepting post-challenge connection from: 127.0.0.1:55723
[2021.01.12-05.41.12:176][184]PacketHandlerLog: Loaded PacketHandler component: Engine.EngineHandlerComponentFactory (StatelessConnectHandlerComponent)
[2021.01.12-05.41.12:176][184]LogNet: NotifyAcceptedConnection: Name: FirstPersonExampleMap, TimeStamp: 01/11/21 21:41:12, [UNetConnection] RemoteAddr: 127.0.0.1:55723, Name: IpConnection_1, Driver: GameNetDriver IpNetDriver_0, IsServer: YES, PC: NULL, Owner: NULL, UniqueId: INVALID
[2021.01.12-05.41.12:176][184]LogNet: AddClientConnection: Added client connection: [UNetConnection] RemoteAddr: 127.0.0.1:55723, Name: IpConnection_1, Driver: GameNetDriver IpNetDriver_0, IsServer: YES, PC: NULL, Owner: NULL, UniqueId: INVALID
[2021.01.12-05.41.12:178][184]LogNetVersion: FPSGame 1.0.0.0, NetCL: 13144385, EngineNetVer: 14, GameNetVer: 0 (Checksum: 2858806747)
[2021.01.12-05.41.12:178][184]LogNet: UPendingNetGame::SendInitialJoin: Sending hello. [UNetConnection] RemoteAddr: 127.0.0.1:17777, Name: IpConnection_0, Driver: PendingNetDriver IpNetDriver_1, IsServer: NO, PC: NULL, Owner: NULL, UniqueId: INVALID
[2021.01.12-05.41.12:192][185]LogNet: NotifyAcceptingChannel Control 0 server World /Game/Maps/UEDPIE_0_FirstPersonExampleMap.FirstPersonExampleMap: Accepted
[2021.01.12-05.41.12:192][185]LogNet: Remote platform little endian=1
[2021.01.12-05.41.12:192][185]LogNet: This platform little endian=1
[2021.01.12-05.41.12:193][185]LogOnline: OSS: Creating online subsystem instance for: :Context_2
[2021.01.12-05.41.12:210][186]LogNet: Login request: ?Name=DESKTOP-ALKKQ0L-5C81DF9B4A21125B930811847AC2137B userId: NULL:DESKTOP-ALKKQ0L-5C81DF9B4A21125B930811847AC2137B platform: NULL
[2021.01.12-05.41.12:211][186]LogNet: Welcomed by server (Level: /Game/Maps/UEDPIE_0_FirstPersonExampleMap, Game: /Game/Blueprints/BP_GameMode.BP_GameMode_C)
[2021.01.12-05.41.12:211][186]LogLoad: LoadMap: 127.0.0.1:17777/Game/Maps/UEDPIE_0_FirstPersonExampleMap?game=/Game/Blueprints/BP_GameMode.BP_GameMode_C
[2021.01.12-05.41.12:211][186]LogWorld: BeginTearingDown for /Temp/Untitled_1
[2021.01.12-05.41.12:211][186]LogWorld: UWorld::CleanupWorld for Untitled, bSessionEnded=true, bCleanupResources=true
[2021.01.12-05.41.12:211][186]LogSlate: InvalidateAllWidgets triggered.  All widgets were invalidated
[2021.01.12-05.41.12:226][186]LogUObjectHash: Compacting FUObjectHashTables data took   0.66ms
[2021.01.12-05.41.12:241][186]LogAIModule: Creating AISystem for world FirstPersonExampleMap
[2021.01.12-05.41.12:241][186]LogAISub: UAISubsystem::UAISubsystem EnvQueryManager (00000220EF1D9E00), frame # 186
[2021.01.12-05.41.12:242][186]LogAISub: UAISubsystem::UAISubsystem AIPerceptionSystem (00000220A836C540), frame # 186
[2021.01.12-05.41.12:244][186]LogWorld: Bringing World /Game/Maps/UEDPIE_1_FirstPersonExampleMap.FirstPersonExampleMap up for play (max tick rate 0) at 2021.01.11-21.41.12
[2021.01.12-05.41.12:244][186]LogWorld: Bringing up level for play took: 0.001248
[2021.01.12-05.41.12:244][186]LogLoad: Took 0.033489 seconds to LoadMap(/Game/Maps/UEDPIE_0_FirstPersonExampleMap)
[2021.01.12-05.41.12:251][187]LogNet: Client netspeed is 10000
[2021.01.12-05.41.12:251][187]LogNet: Join request: /Game/Maps/FirstPersonExampleMap?Name=DESKTOP-ALKKQ0L-5C81DF9B4A21125B930811847AC2137B?SplitscreenCount=1
[2021.01.12-05.41.12:252][187]LogOnlineSession: Warning: OSS: No game present to join for session (GameSession)
[2021.01.12-05.41.12:254][187]LogNet: Join succeeded: DESKTOP-ALKKQ0L-5C81
[2021.01.12-05.41.12:631][209]LogNavigation: Warning: UNavigationSystemV1::SimpleMoveToActor called for NavSys:None Controller:None controlling Pawn:NULL with goal actor TargetPoint_1 (if any of these is None then there's your problem
[2021.01.12-05.41.12:695][213]LogOnlineSession: Warning: OSS: No game present to join for session (GameSession)
[2021.01.12-05.41.16:936][467]LogScript: Warning: Accessed None trying to read property CallFunc_Create_ReturnValue
	BP_GameMode_C /Game/Maps/UEDPIE_0_FirstPersonExampleMap.FirstPersonExampleMap:PersistentLevel.BP_GameMode_C_0
	Function /Game/Blueprints/BP_GameMode.BP_GameMode_C:ExecuteUbergraph_BP_GameMode:0077
[2021.01.12-05.41.16:936][467]PIE: Error: Blueprint Runtime Error: "Accessed None trying to read property CallFunc_Create_ReturnValue". Blueprint:  BP_GameMode Function:  Execute Ubergraph BP Game Mode Graph:  EventGraph Node:  Add to Viewport
[2021.01.12-05.41.17:438][497]LogScript: Warning: Accessed None trying to read property CallFunc_Create_ReturnValue
	BP_GameMode_C /Game/Maps/UEDPIE_0_FirstPersonExampleMap.FirstPersonExampleMap:PersistentLevel.BP_GameMode_C_0
	Function /Game/Blueprints/BP_GameMode.BP_GameMode_C:ExecuteUbergraph_BP_GameMode:0077
[2021.01.12-05.41.17:438][497]PIE: Error: Blueprint Runtime Error: "Accessed None trying to read property CallFunc_Create_ReturnValue". Blueprint:  BP_GameMode Function:  Execute Ubergraph BP Game Mode Graph:  EventGraph Node:  Add to Viewport
[2021.01.12-05.41.17:941][527]LogScript: Warning: Accessed None trying to read property CallFunc_Create_ReturnValue
	BP_GameMode_C /Game/Maps/UEDPIE_0_FirstPersonExampleMap.FirstPersonExampleMap:PersistentLevel.BP_GameMode_C_0
	Function /Game/Blueprints/BP_GameMode.BP_GameMode_C:ExecuteUbergraph_BP_GameMode:0077
[2021.01.12-05.41.17:942][527]PIE: Error: Blueprint Runtime Error: "Accessed None trying to read property CallFunc_Create_ReturnValue". Blueprint:  BP_GameMode Function:  Execute Ubergraph BP Game Mode Graph:  EventGraph Node:  Add to Viewport
[2021.01.12-05.41.18:440][557]LogScript: Warning: Accessed None trying to read property CallFunc_Create_ReturnValue
	BP_GameMode_C /Game/Maps/UEDPIE_0_FirstPersonExampleMap.FirstPersonExampleMap:PersistentLevel.BP_GameMode_C_0
	Function /Game/Blueprints/BP_GameMode.BP_GameMode_C:ExecuteUbergraph_BP_GameMode:0077
[2021.01.12-05.41.18:440][557]PIE: Error: Blueprint Runtime Error: "Accessed None trying to read property CallFunc_Create_ReturnValue". Blueprint:  BP_GameMode Function:  Execute Ubergraph BP Game Mode Graph:  EventGraph Node:  Add to Viewport
[2021.01.12-05.41.18:941][587]LogScript: Warning: Accessed None trying to read property CallFunc_Create_ReturnValue
	BP_GameMode_C /Game/Maps/UEDPIE_0_FirstPersonExampleMap.FirstPersonExampleMap:PersistentLevel.BP_GameMode_C_0
	Function /Game/Blueprints/BP_GameMode.BP_GameMode_C:ExecuteUbergraph_BP_GameMode:0077
[2021.01.12-05.41.18:942][587]PIE: Error: Blueprint Runtime Error: "Accessed None trying to read property CallFunc_Create_ReturnValue". Blueprint:  BP_GameMode Function:  Execute Ubergraph BP Game Mode Graph:  EventGraph Node:  Add to Viewport
[2021.01.12-05.41.19:443][617]LogScript: Warning: Accessed None trying to read property CallFunc_Create_ReturnValue
	BP_GameMode_C /Game/Maps/UEDPIE_0_FirstPersonExampleMap.FirstPersonExampleMap:PersistentLevel.BP_GameMode_C_0
	Function /Game/Blueprints/BP_GameMode.BP_GameMode_C:ExecuteUbergraph_BP_GameMode:0077
[2021.01.12-05.41.19:443][617]PIE: Error: Blueprint Runtime Error: "Accessed None trying to read property CallFunc_Create_ReturnValue". Blueprint:  BP_GameMode Function:  Execute Ubergraph BP Game Mode Graph:  EventGraph Node:  Add to Viewport
[2021.01.12-05.41.20:115][619]LogScript: Warning: Accessed None trying to read property CallFunc_Create_ReturnValue
	BP_GameMode_C /Game/Maps/UEDPIE_0_FirstPersonExampleMap.FirstPersonExampleMap:PersistentLevel.BP_GameMode_C_0
	Function /Game/Blueprints/BP_GameMode.BP_GameMode_C:ExecuteUbergraph_BP_GameMode:0077
[2021.01.12-05.41.20:115][619]PIE: Error: Blueprint Runtime Error: "Accessed None trying to read property CallFunc_Create_ReturnValue". Blueprint:  BP_GameMode Function:  Execute Ubergraph BP Game Mode Graph:  EventGraph Node:  Add to Viewport
[2021.01.12-05.41.20:783][621]LogScript: Warning: Accessed None trying to read property CallFunc_Create_ReturnValue
	BP_GameMode_C /Game/Maps/UEDPIE_0_FirstPersonExampleMap.FirstPersonExampleMap:PersistentLevel.BP_GameMode_C_0
	Function /Game/Blueprints/BP_GameMode.BP_GameMode_C:ExecuteUbergraph_BP_GameMode:0077
[2021.01.12-05.41.20:783][621]PIE: Error: Blueprint Runtime Error: "Accessed None trying to read property CallFunc_Create_ReturnValue". Blueprint:  BP_GameMode Function:  Execute Ubergraph BP Game Mode Graph:  EventGraph Node:  Add to Viewport
[2021.01.12-05.41.21:451][623]LogScript: Warning: Accessed None trying to read property CallFunc_Create_ReturnValue
	BP_GameMode_C /Game/Maps/UEDPIE_0_FirstPersonExampleMap.FirstPersonExampleMap:PersistentLevel.BP_GameMode_C_0
	Function /Game/Blueprints/BP_GameMode.BP_GameMode_C:ExecuteUbergraph_BP_GameMode:0077
[2021.01.12-05.41.21:452][623]PIE: Error: Blueprint Runtime Error: "Accessed None trying to read property CallFunc_Create_ReturnValue". Blueprint:  BP_GameMode Function:  Execute Ubergraph BP Game Mode Graph:  EventGraph Node:  Add to Viewport
[2021.01.12-05.41.22:116][625]LogScript: Warning: Accessed None trying to read property CallFunc_Create_ReturnValue
	BP_GameMode_C /Game/Maps/UEDPIE_0_FirstPersonExampleMap.FirstPersonExampleMap:PersistentLevel.BP_GameMode_C_0
	Function /Game/Blueprints/BP_GameMode.BP_GameMode_C:ExecuteUbergraph_BP_GameMode:0077
[2021.01.12-05.41.22:116][625]PIE: Error: Blueprint Runtime Error: "Accessed None trying to read property CallFunc_Create_ReturnValue". Blueprint:  BP_GameMode Function:  Execute Ubergraph BP Game Mode Graph:  EventGraph Node:  Add to Viewport
[2021.01.12-05.41.22:786][627]LogScript: Warning: Accessed None trying to read property CallFunc_Create_ReturnValue
	BP_GameMode_C /Game/Maps/UEDPIE_0_FirstPersonExampleMap.FirstPersonExampleMap:PersistentLevel.BP_GameMode_C_0
	Function /Game/Blueprints/BP_GameMode.BP_GameMode_C:ExecuteUbergraph_BP_GameMode:0077
[2021.01.12-05.41.22:787][627]PIE: Error: Blueprint Runtime Error: "Accessed None trying to read property CallFunc_Create_ReturnValue". Blueprint:  BP_GameMode Function:  Execute Ubergraph BP Game Mode Graph:  EventGraph Node:  Add to Viewport
[2021.01.12-05.41.23:455][629]LogScript: Warning: Accessed None trying to read property CallFunc_Create_ReturnValue
	BP_GameMode_C /Game/Maps/UEDPIE_0_FirstPersonExampleMap.FirstPersonExampleMap:PersistentLevel.BP_GameMode_C_0
	Function /Game/Blueprints/BP_GameMode.BP_GameMode_C:ExecuteUbergraph_BP_GameMode:0077
[2021.01.12-05.41.23:456][629]PIE: Error: Blueprint Runtime Error: "Accessed None trying to read property CallFunc_Create_ReturnValue". Blueprint:  BP_GameMode Function:  Execute Ubergraph BP Game Mode Graph:  EventGraph Node:  Add to Viewport
[2021.01.12-05.41.24:122][631]LogScript: Warning: Accessed None trying to read property CallFunc_Create_ReturnValue
	BP_GameMode_C /Game/Maps/UEDPIE_0_FirstPersonExampleMap.FirstPersonExampleMap:PersistentLevel.BP_GameMode_C_0
	Function /Game/Blueprints/BP_GameMode.BP_GameMode_C:ExecuteUbergraph_BP_GameMode:0077
[2021.01.12-05.41.24:122][631]PIE: Error: Blueprint Runtime Error: "Accessed None trying to read property CallFunc_Create_ReturnValue". Blueprint:  BP_GameMode Function:  Execute Ubergraph BP Game Mode Graph:  EventGraph Node:  Add to Viewport
[2021.01.12-05.41.24:793][633]LogScript: Warning: Accessed None trying to read property CallFunc_Create_ReturnValue
	BP_GameMode_C /Game/Maps/UEDPIE_0_FirstPersonExampleMap.FirstPersonExampleMap:PersistentLevel.BP_GameMode_C_0
	Function /Game/Blueprints/BP_GameMode.BP_GameMode_C:ExecuteUbergraph_BP_GameMode:0077
[2021.01.12-05.41.24:793][633]PIE: Error: Blueprint Runtime Error: "Accessed None trying to read property CallFunc_Create_ReturnValue". Blueprint:  BP_GameMode Function:  Execute Ubergraph BP Game Mode Graph:  EventGraph Node:  Add to Viewport
[2021.01.12-05.41.25:468][635]LogScript: Warning: Accessed None trying to read property CallFunc_Create_ReturnValue
	BP_GameMode_C /Game/Maps/UEDPIE_0_FirstPersonExampleMap.FirstPersonExampleMap:PersistentLevel.BP_GameMode_C_0
	Function /Game/Blueprints/BP_GameMode.BP_GameMode_C:ExecuteUbergraph_BP_GameMode:0077
[2021.01.12-05.41.25:468][635]PIE: Error: Blueprint Runtime Error: "Accessed None trying to read property CallFunc_Create_ReturnValue". Blueprint:  BP_GameMode Function:  Execute Ubergraph BP Game Mode Graph:  EventGraph Node:  Add to Viewport
[2021.01.12-05.41.26:139][637]LogScript: Warning: Accessed None trying to read property CallFunc_Create_ReturnValue
	BP_GameMode_C /Game/Maps/UEDPIE_0_FirstPersonExampleMap.FirstPersonExampleMap:PersistentLevel.BP_GameMode_C_0
	Function /Game/Blueprints/BP_GameMode.BP_GameMode_C:ExecuteUbergraph_BP_GameMode:0077
[2021.01.12-05.41.26:140][637]PIE: Error: Blueprint Runtime Error: "Accessed None trying to read property CallFunc_Create_ReturnValue". Blueprint:  BP_GameMode Function:  Execute Ubergraph BP Game Mode Graph:  EventGraph Node:  Add to Viewport
[2021.01.12-05.41.26:810][639]LogScript: Warning: Accessed None trying to read property CallFunc_Create_ReturnValue
	BP_GameMode_C /Game/Maps/UEDPIE_0_FirstPersonExampleMap.FirstPersonExampleMap:PersistentLevel.BP_GameMode_C_0
	Function /Game/Blueprints/BP_GameMode.BP_GameMode_C:ExecuteUbergraph_BP_GameMode:0077
[2021.01.12-05.41.26:810][639]PIE: Error: Blueprint Runtime Error: "Accessed None trying to read property CallFunc_Create_ReturnValue". Blueprint:  BP_GameMode Function:  Execute Ubergraph BP Game Mode Graph:  EventGraph Node:  Add to Viewport
[2021.01.12-05.41.27:488][641]PIE: Error: Blueprint Runtime Error: "Accessed None trying to read property CallFunc_Create_ReturnValue". Blueprint:  BP_GameMode Function:  Execute Ubergraph BP Game Mode Graph:  EventGraph Node:  Add to Viewport
[2021.01.12-05.41.28:154][643]PIE: Error: Blueprint Runtime Error: "Accessed None trying to read property CallFunc_Create_ReturnValue". Blueprint:  BP_GameMode Function:  Execute Ubergraph BP Game Mode Graph:  EventGraph Node:  Add to Viewport
[2021.01.12-05.41.28:826][645]PIE: Error: Blueprint Runtime Error: "Accessed None trying to read property CallFunc_Create_ReturnValue". Blueprint:  BP_GameMode Function:  Execute Ubergraph BP Game Mode Graph:  EventGraph Node:  Add to Viewport
[2021.01.12-05.41.29:493][647]PIE: Error: Blueprint Runtime Error: "Accessed None trying to read property CallFunc_Create_ReturnValue". Blueprint:  BP_GameMode Function:  Execute Ubergraph BP Game Mode Graph:  EventGraph Node:  Add to Viewport
[2021.01.12-05.41.30:172][649]PIE: Error: Blueprint Runtime Error: "Accessed None trying to read property CallFunc_Create_ReturnValue". Blueprint:  BP_GameMode Function:  Execute Ubergraph BP Game Mode Graph:  EventGraph Node:  Add to Viewport
[2021.01.12-05.41.30:850][651]PIE: Error: Blueprint Runtime Error: "Accessed None trying to read property CallFunc_Create_ReturnValue". Blueprint:  BP_GameMode Function:  Execute Ubergraph BP Game Mode Graph:  EventGraph Node:  Add to Viewport
[2021.01.12-05.41.31:516][653]PIE: Error: Blueprint Runtime Error: "Accessed None trying to read property CallFunc_Create_ReturnValue". Blueprint:  BP_GameMode Function:  Execute Ubergraph BP Game Mode Graph:  EventGraph Node:  Add to Viewport
